2017-02-09 15:43:37,190 [Worker-1] INFO  c.g.t.t.d.PublishedGradleVersions - Gradle version information cache is up-to-date. Trying to read.
2017-08-29 15:02:13,433 [Worker-3] INFO  c.g.t.t.d.PublishedGradleVersions - Gradle version information cache is up-to-date. Trying to read.
2017-08-29 15:10:20,655 [Worker-1] INFO  c.g.t.t.d.PublishedGradleVersions - Gradle version information cache is up-to-date. Trying to read.
2017-08-30 00:38:47,986 [Worker-1] INFO  c.g.t.t.d.PublishedGradleVersions - Gradle version information cache is up-to-date. Trying to read.
2017-08-30 00:40:21,506 [Worker-18] INFO  o.e.m.c.i.l.LifecycleMappingFactory - Using org.eclipse.m2e.jdt.JarLifecycleMapping lifecycle mapping for MavenProject: edu.ud.cis.cisc181:RioClient:0.0.1-SNAPSHOT @ C:\Users\Drew\OneDrive\College\CODING\CISC181\Classwork Workspace\Lab5Starter\RioClient\pom.xml.
2017-08-30 00:40:22,164 [Worker-18] INFO  o.e.m.c.i.l.LifecycleMappingFactory - Using org.eclipse.m2e.jdt.JarLifecycleMapping lifecycle mapping for MavenProject: edu.ud.cis.cisc181:RioJabber:0.0.1-SNAPSHOT @ C:\Users\Drew\OneDrive\College\CODING\CISC181\Classwork Workspace\Lab5Starter\RioJabber\pom.xml.
2017-08-30 00:40:22,902 [Worker-18] INFO  o.e.m.c.i.l.LifecycleMappingFactory - Using org.eclipse.m2e.jdt.JarLifecycleMapping lifecycle mapping for MavenProject: org.springframework.samples:PS6:0.0.2-SNAPSHOT @ C:\Users\Drew\OneDrive\College\CODING\CISC181\Classwork Workspace\PS6Starter\PS6_DAL\pom.xml.
2017-08-30 00:40:23,116 [Worker-18] INFO  o.e.m.c.i.l.LifecycleMappingFactory - Using org.eclipse.m2e.jdt.JarLifecycleMapping lifecycle mapping for MavenProject: org.springframework.samples:PS6_JavaFx:0.0.1-SNAPSHOT @ C:\Users\Drew\OneDrive\College\CODING\CISC181\Classwork Workspace\PS6Starter\PS6_JavaFx\pom.xml.
2017-08-30 00:40:23,747 [Worker-18] INFO  o.e.m.c.i.l.LifecycleMappingFactory - Using org.eclipse.m2e.jdt.JarLifecycleMapping lifecycle mapping for MavenProject: 702211664:Quiz3:0.0.1-SNAPSHOT @ C:\Users\Drew\OneDrive\College\CODING\CISC181\Classwork Workspace\Quiz3\pom.xml.
2017-08-30 00:40:33,058 [Worker-26] INFO  o.e.m.c.i.l.LifecycleMappingFactory - Using org.eclipse.m2e.jdt.JarLifecycleMapping lifecycle mapping for MavenProject: edu.ud.cis.cisc181:RioBLL:0.0.1-SNAPSHOT @ C:\Users\Drew\OneDrive\College\CODING\CISC181\Classwork Workspace\Lab5Starter\RioBLL\pom.xml.
2017-08-30 00:40:33,277 [Worker-26] INFO  o.e.m.c.i.l.LifecycleMappingFactory - Using org.eclipse.m2e.jdt.JarLifecycleMapping lifecycle mapping for MavenProject: edu.ud.cis.cisc181:RioClient:0.0.1-SNAPSHOT @ C:\Users\Drew\OneDrive\College\CODING\CISC181\Classwork Workspace\Lab5Starter\RioClient\pom.xml.
2017-08-30 00:40:33,833 [Worker-26] INFO  o.e.m.c.i.embedder.EclipseLogger - Using 'UTF-8' encoding to copy filtered resources.
2017-08-30 00:40:33,869 [Worker-26] INFO  o.e.m.c.i.embedder.EclipseLogger - Copying 1 resource
2017-08-30 00:40:33,888 [Worker-26] INFO  o.e.m.c.i.embedder.EclipseLogger - Using 'UTF-8' encoding to copy filtered resources.
2017-08-30 00:40:33,888 [Worker-26] INFO  o.e.m.c.i.embedder.EclipseLogger - Copying 1 resource
2017-08-30 00:40:34,780 [Worker-13] INFO  o.e.m.c.i.embedder.EclipseLogger - Using 'UTF-8' encoding to copy filtered resources.
2017-08-30 00:40:34,783 [Worker-13] INFO  o.e.m.c.i.embedder.EclipseLogger - Copying 1 resource
2017-08-30 00:40:34,793 [Worker-13] INFO  o.e.m.c.i.embedder.EclipseLogger - Using 'UTF-8' encoding to copy filtered resources.
2017-08-30 00:40:34,794 [Worker-13] INFO  o.e.m.c.i.embedder.EclipseLogger - Copying 1 resource
2017-08-30 00:40:35,070 [Worker-13] INFO  o.e.m.c.i.embedder.EclipseLogger - Using 'UTF-8' encoding to copy filtered resources.
2017-08-30 00:40:35,070 [Worker-13] INFO  o.e.m.c.i.embedder.EclipseLogger - Copying 1 resource
2017-08-30 00:40:35,079 [Worker-13] INFO  o.e.m.c.i.embedder.EclipseLogger - Using 'UTF-8' encoding to copy filtered resources.
2017-08-30 00:40:35,079 [Worker-13] INFO  o.e.m.c.i.embedder.EclipseLogger - skip non existing resourceDirectory C:\Users\Drew\OneDrive\College\CODING\CISC181\Classwork Workspace\Lab5Starter\RioJabber\src\test\resources
2017-08-30 00:40:38,701 [Worker-13] INFO  o.e.m.c.i.embedder.EclipseLogger - Using 'UTF-8' encoding to copy filtered resources.
2017-08-30 00:40:38,704 [Worker-13] INFO  o.e.m.c.i.embedder.EclipseLogger - Copying 66 resources
2017-08-30 00:40:40,072 [Worker-13] INFO  o.e.m.c.i.embedder.EclipseLogger - Using 'UTF-8' encoding to copy filtered resources.
2017-08-30 00:40:40,072 [Worker-13] INFO  o.e.m.c.i.embedder.EclipseLogger - skip non existing resourceDirectory C:\Users\Drew\OneDrive\College\CODING\CISC181\Classwork Workspace\Lab5Starter\RioClient\src\test\resources
2017-08-30 00:40:40,525 [Worker-13] INFO  o.e.m.c.i.embedder.EclipseLogger - Using 'UTF-8' encoding to copy filtered resources.
2017-08-30 00:40:40,534 [Worker-13] INFO  o.e.m.c.i.embedder.EclipseLogger - Copying 3 resources
2017-08-30 00:40:40,585 [Worker-13] INFO  o.e.m.c.i.embedder.EclipseLogger - Using 'UTF-8' encoding to copy filtered resources.
2017-08-30 00:40:40,586 [Worker-13] INFO  o.e.m.c.i.embedder.EclipseLogger - skip non existing resourceDirectory C:\Users\Drew\OneDrive\College\CODING\CISC181\Classwork Workspace\PS6Starter\PS6_DAL\src\test\resources
2017-08-30 00:40:42,193 [Worker-13] INFO  o.e.m.c.i.embedder.EclipseLogger - Using 'UTF-8' encoding to copy filtered resources.
2017-08-30 00:40:42,194 [Worker-13] INFO  o.e.m.c.i.embedder.EclipseLogger - Copying 1 resource
2017-08-30 00:40:42,219 [Worker-13] INFO  o.e.m.c.i.embedder.EclipseLogger - Using 'UTF-8' encoding to copy filtered resources.
2017-08-30 00:40:42,220 [Worker-13] INFO  o.e.m.c.i.embedder.EclipseLogger - skip non existing resourceDirectory C:\Users\Drew\OneDrive\College\CODING\CISC181\Classwork Workspace\PS6Starter\PS6_JavaFx\src\test\resources
2017-08-30 00:40:42,528 [Worker-13] WARN  o.e.m.c.i.embedder.EclipseLogger - Using platform encoding (Cp1252 actually) to copy filtered resources, i.e. build is platform dependent!
2017-08-30 00:40:42,568 [Worker-13] INFO  o.e.m.c.i.embedder.EclipseLogger - skip non existing resourceDirectory C:\Users\Drew\OneDrive\College\CODING\CISC181\Classwork Workspace\Quiz3\src\main\resources
2017-08-30 00:40:42,586 [Worker-13] WARN  o.e.m.c.i.embedder.EclipseLogger - Using platform encoding (Cp1252 actually) to copy filtered resources, i.e. build is platform dependent!
2017-08-30 00:40:42,611 [Worker-13] INFO  o.e.m.c.i.embedder.EclipseLogger - skip non existing resourceDirectory C:\Users\Drew\OneDrive\College\CODING\CISC181\Classwork Workspace\Quiz3\src\test\resources
2017-08-30 00:40:59,851 [Worker-3] INFO  o.e.m.c.i.embedder.EclipseLogger - Using 'UTF-8' encoding to copy filtered resources.
2017-08-30 00:40:59,851 [Worker-3] INFO  o.e.m.c.i.embedder.EclipseLogger - skip non existing resourceDirectory C:\Users\Drew\OneDrive\College\CODING\CISC181\Classwork Workspace\PS6Starter\PS6_DAL\src\main\resources
2017-08-30 00:40:59,857 [Worker-3] INFO  o.e.m.c.i.embedder.EclipseLogger - Using 'UTF-8' encoding to copy filtered resources.
2017-08-30 00:40:59,858 [Worker-3] INFO  o.e.m.c.i.embedder.EclipseLogger - skip non existing resourceDirectory C:\Users\Drew\OneDrive\College\CODING\CISC181\Classwork Workspace\PS6Starter\PS6_DAL\src\test\resources
2017-08-30 00:41:00,930 [Worker-20] INFO  o.e.m.c.i.embedder.EclipseLogger - Using 'UTF-8' encoding to copy filtered resources.
2017-08-30 00:41:00,931 [Worker-20] INFO  o.e.m.c.i.embedder.EclipseLogger - skip non existing resourceDirectory C:\Users\Drew\OneDrive\College\CODING\CISC181\Classwork Workspace\PS6Starter\PS6_DAL\src\main\resources
2017-08-30 00:41:00,948 [Worker-20] INFO  o.e.m.c.i.embedder.EclipseLogger - Using 'UTF-8' encoding to copy filtered resources.
2017-08-30 00:41:00,949 [Worker-20] INFO  o.e.m.c.i.embedder.EclipseLogger - skip non existing resourceDirectory C:\Users\Drew\OneDrive\College\CODING\CISC181\Classwork Workspace\PS6Starter\PS6_DAL\src\test\resources
2017-08-30 00:41:01,341 [Worker-20] INFO  o.e.m.c.i.embedder.EclipseLogger - Using 'UTF-8' encoding to copy filtered resources.
2017-08-30 00:41:01,343 [Worker-20] INFO  o.e.m.c.i.embedder.EclipseLogger - Copying 1 resource
2017-08-30 00:41:01,355 [Worker-20] INFO  o.e.m.c.i.embedder.EclipseLogger - Using 'UTF-8' encoding to copy filtered resources.
2017-08-30 00:41:01,356 [Worker-20] INFO  o.e.m.c.i.embedder.EclipseLogger - skip non existing resourceDirectory C:\Users\Drew\OneDrive\College\CODING\CISC181\Classwork Workspace\PS6Starter\PS6_JavaFx\src\test\resources
2017-08-30 00:41:15,484 [Worker-1] INFO  o.e.m.c.i.embedder.EclipseLogger - Using 'UTF-8' encoding to copy filtered resources.
2017-08-30 00:41:15,485 [Worker-1] INFO  o.e.m.c.i.embedder.EclipseLogger - skip non existing resourceDirectory C:\Users\Drew\OneDrive\College\CODING\CISC181\Classwork Workspace\PS6Starter\PS6_DAL\src\main\resources
2017-08-30 00:41:15,487 [Worker-1] INFO  o.e.m.c.i.embedder.EclipseLogger - Using 'UTF-8' encoding to copy filtered resources.
2017-08-30 00:41:15,487 [Worker-1] INFO  o.e.m.c.i.embedder.EclipseLogger - skip non existing resourceDirectory C:\Users\Drew\OneDrive\College\CODING\CISC181\Classwork Workspace\PS6Starter\PS6_DAL\src\test\resources
2017-08-30 00:41:15,512 [Worker-1] INFO  o.e.m.c.i.embedder.EclipseLogger - Using 'UTF-8' encoding to copy filtered resources.
2017-08-30 00:41:15,523 [Worker-1] INFO  o.e.m.c.i.embedder.EclipseLogger - skip non existing resourceDirectory C:\Users\Drew\OneDrive\College\CODING\CISC181\Classwork Workspace\PS6Starter\PS6_JavaFx\src\main\resources
2017-08-30 00:41:15,534 [Worker-1] INFO  o.e.m.c.i.embedder.EclipseLogger - Using 'UTF-8' encoding to copy filtered resources.
2017-08-30 00:41:15,535 [Worker-1] INFO  o.e.m.c.i.embedder.EclipseLogger - skip non existing resourceDirectory C:\Users\Drew\OneDrive\College\CODING\CISC181\Classwork Workspace\PS6Starter\PS6_JavaFx\src\test\resources
2017-08-30 00:42:30,878 [Worker-1] INFO  c.g.t.t.d.PublishedGradleVersions - Gradle version information cache is up-to-date. Trying to read.
2017-08-30 00:43:27,439 [Worker-4] INFO  o.e.m.c.i.l.LifecycleMappingFactory - Using org.eclipse.m2e.jdt.JarLifecycleMapping lifecycle mapping for MavenProject: org.springframework.samples:PS6:0.0.2-SNAPSHOT @ C:\Users\Drew\OneDrive\College\CODING\CISC181\Classwork Workspace\PS6Starter\PS6.DAL\pom.xml.
2017-08-30 00:43:27,439 [Worker-6] INFO  o.e.m.c.i.l.LifecycleMappingFactory - Using org.eclipse.m2e.jdt.JarLifecycleMapping lifecycle mapping for MavenProject: org.springframework.samples:PS6:0.0.2-SNAPSHOT @ C:\Users\Drew\OneDrive\College\CODING\CISC181\Classwork Workspace\PS6Starter\PS6.DAL\pom.xml.
2017-08-30 00:43:28,267 [Worker-4] INFO  o.e.m.c.i.embedder.EclipseLogger - Using 'UTF-8' encoding to copy filtered resources.
2017-08-30 00:43:28,267 [Worker-4] INFO  o.e.m.c.i.embedder.EclipseLogger - Copying 3 resources
2017-08-30 00:43:28,299 [Worker-4] INFO  o.e.m.c.i.embedder.EclipseLogger - Using 'UTF-8' encoding to copy filtered resources.
2017-08-30 00:43:28,299 [Worker-4] INFO  o.e.m.c.i.embedder.EclipseLogger - skip non existing resourceDirectory C:\Users\Drew\OneDrive\College\CODING\CISC181\Classwork Workspace\PS6Starter\PS6.DAL\src\test\resources
2017-08-30 00:43:28,754 [Worker-4] INFO  o.e.m.c.i.l.LifecycleMappingFactory - Using org.eclipse.m2e.jdt.JarLifecycleMapping lifecycle mapping for MavenProject: org.springframework.samples:PS6_JavaFx:0.0.1-SNAPSHOT @ C:\Users\Drew\OneDrive\College\CODING\CISC181\Classwork Workspace\PS6Starter\PS6.JavaFx\pom.xml.
2017-08-30 00:43:29,170 [Worker-4] INFO  o.e.m.c.i.embedder.EclipseLogger - Using 'UTF-8' encoding to copy filtered resources.
2017-08-30 00:43:29,170 [Worker-4] INFO  o.e.m.c.i.embedder.EclipseLogger - Copying 1 resource
2017-08-30 00:43:29,170 [Worker-4] INFO  o.e.m.c.i.embedder.EclipseLogger - Using 'UTF-8' encoding to copy filtered resources.
2017-08-30 00:43:29,170 [Worker-4] INFO  o.e.m.c.i.embedder.EclipseLogger - skip non existing resourceDirectory C:\Users\Drew\OneDrive\College\CODING\CISC181\Classwork Workspace\PS6Starter\PS6.JavaFx\src\test\resources
2017-08-30 00:43:29,795 [Worker-17] INFO  o.e.m.c.i.l.LifecycleMappingFactory - Using org.eclipse.m2e.jdt.JarLifecycleMapping lifecycle mapping for MavenProject: org.springframework.samples:PS6:0.0.2-SNAPSHOT @ C:\Users\Drew\OneDrive\College\CODING\CISC181\Classwork Workspace\PS6Starter\PS6.DAL\pom.xml.
2017-08-30 00:43:31,092 [Worker-21] INFO  o.e.m.c.i.embedder.EclipseLogger - Using 'UTF-8' encoding to copy filtered resources.
2017-08-30 00:43:31,108 [Worker-21] INFO  o.e.m.c.i.embedder.EclipseLogger - Copying 3 resources
2017-08-30 00:43:31,139 [Worker-21] INFO  o.e.m.c.i.embedder.EclipseLogger - Using 'UTF-8' encoding to copy filtered resources.
2017-08-30 00:43:31,155 [Worker-21] INFO  o.e.m.c.i.embedder.EclipseLogger - skip non existing resourceDirectory C:\Users\Drew\OneDrive\College\CODING\CISC181\Classwork Workspace\PS6Starter\PS6.DAL\src\test\resources
2017-08-30 00:43:31,936 [Worker-21] INFO  o.e.m.c.i.embedder.EclipseLogger - Using 'UTF-8' encoding to copy filtered resources.
2017-08-30 00:43:31,936 [Worker-21] INFO  o.e.m.c.i.embedder.EclipseLogger - Copying 1 resource
2017-08-30 00:43:31,952 [Worker-21] INFO  o.e.m.c.i.embedder.EclipseLogger - Using 'UTF-8' encoding to copy filtered resources.
2017-08-30 00:43:31,967 [Worker-21] INFO  o.e.m.c.i.embedder.EclipseLogger - skip non existing resourceDirectory C:\Users\Drew\OneDrive\College\CODING\CISC181\Classwork Workspace\PS6Starter\PS6.JavaFx\src\test\resources
2017-08-30 00:50:22,426 [Worker-3] INFO  c.g.t.t.d.PublishedGradleVersions - Gradle version information cache is up-to-date. Trying to read.
2017-08-30 00:50:36,489 [Worker-7] INFO  o.e.m.c.i.l.LifecycleMappingFactory - Using org.eclipse.m2e.jdt.JarLifecycleMapping lifecycle mapping for MavenProject: edu.ud.cis.cisc181:RioBLL:0.0.1-SNAPSHOT @ C:\Users\Drew\OneDrive\College\CODING\CISC181\Classwork Workspace\Lab5Starter\RioBLL\pom.xml.
2017-08-30 00:50:37,083 [Worker-14] INFO  o.e.m.c.i.l.LifecycleMappingFactory - Using org.eclipse.m2e.jdt.JarLifecycleMapping lifecycle mapping for MavenProject: edu.ud.cis.cisc181:RioBLL:0.0.1-SNAPSHOT @ C:\Users\Drew\OneDrive\College\CODING\CISC181\Classwork Workspace\Lab5Starter\RioBLL\pom.xml.
2017-08-30 00:50:38,614 [Worker-14] INFO  o.e.m.c.i.embedder.EclipseLogger - Using 'UTF-8' encoding to copy filtered resources.
2017-08-30 00:50:38,630 [Worker-14] INFO  o.e.m.c.i.embedder.EclipseLogger - Copying 1 resource
2017-08-30 00:50:38,661 [Worker-14] INFO  o.e.m.c.i.embedder.EclipseLogger - Using 'UTF-8' encoding to copy filtered resources.
2017-08-30 00:50:38,661 [Worker-14] INFO  o.e.m.c.i.embedder.EclipseLogger - Copying 1 resource
2017-08-30 00:50:39,452 [Worker-14] INFO  o.e.m.c.i.l.LifecycleMappingFactory - Using org.eclipse.m2e.jdt.JarLifecycleMapping lifecycle mapping for MavenProject: edu.ud.cis.cisc181:RioJabber:0.0.1-SNAPSHOT @ C:\Users\Drew\OneDrive\College\CODING\CISC181\Classwork Workspace\Lab5Starter\RioJabber\pom.xml.
2017-08-30 00:50:39,452 [Worker-21] INFO  o.e.m.c.i.l.LifecycleMappingFactory - Using org.eclipse.m2e.jdt.JarLifecycleMapping lifecycle mapping for MavenProject: edu.ud.cis.cisc181:RioBLL:0.0.1-SNAPSHOT @ C:\Users\Drew\OneDrive\College\CODING\CISC181\Classwork Workspace\Lab5Starter\RioBLL\pom.xml.
2017-08-30 00:50:42,186 [Worker-14] INFO  o.e.m.c.i.embedder.EclipseLogger - Using 'UTF-8' encoding to copy filtered resources.
2017-08-30 00:50:42,186 [Worker-14] INFO  o.e.m.c.i.embedder.EclipseLogger - Copying 1 resource
2017-08-30 00:50:42,202 [Worker-14] INFO  o.e.m.c.i.embedder.EclipseLogger - Using 'UTF-8' encoding to copy filtered resources.
2017-08-30 00:50:42,202 [Worker-14] INFO  o.e.m.c.i.embedder.EclipseLogger - skip non existing resourceDirectory C:\Users\Drew\OneDrive\College\CODING\CISC181\Classwork Workspace\Lab5Starter\RioJabber\src\test\resources
2017-08-30 00:50:42,530 [Worker-14] INFO  o.e.m.c.i.l.LifecycleMappingFactory - Using org.eclipse.m2e.jdt.JarLifecycleMapping lifecycle mapping for MavenProject: edu.ud.cis.cisc181:RioClient:0.0.1-SNAPSHOT @ C:\Users\Drew\OneDrive\College\CODING\CISC181\Classwork Workspace\Lab5Starter\RioClient\pom.xml.
2017-08-30 00:50:43,233 [Worker-14] INFO  o.e.m.c.i.embedder.EclipseLogger - Using 'UTF-8' encoding to copy filtered resources.
2017-08-30 00:50:43,249 [Worker-14] INFO  o.e.m.c.i.embedder.EclipseLogger - Copying 66 resources
2017-08-30 00:50:43,280 [Worker-14] INFO  o.e.m.c.i.embedder.EclipseLogger - Using 'UTF-8' encoding to copy filtered resources.
2017-08-30 00:50:43,280 [Worker-14] INFO  o.e.m.c.i.embedder.EclipseLogger - skip non existing resourceDirectory C:\Users\Drew\OneDrive\College\CODING\CISC181\Classwork Workspace\Lab5Starter\RioClient\src\test\resources
2017-08-30 00:50:44,577 [Worker-14] INFO  o.e.m.c.i.l.LifecycleMappingFactory - Using org.eclipse.m2e.jdt.JarLifecycleMapping lifecycle mapping for MavenProject: org.springframework.samples:PS6:0.0.2-SNAPSHOT @ C:\Users\Drew\OneDrive\College\CODING\CISC181\Classwork Workspace\PS6Starter\PS6.DAL\pom.xml.
2017-08-30 00:50:45,015 [Worker-14] INFO  o.e.m.c.i.embedder.EclipseLogger - Using 'UTF-8' encoding to copy filtered resources.
2017-08-30 00:50:45,031 [Worker-14] INFO  o.e.m.c.i.embedder.EclipseLogger - Copying 3 resources
2017-08-30 00:50:45,046 [Worker-14] INFO  o.e.m.c.i.embedder.EclipseLogger - Using 'UTF-8' encoding to copy filtered resources.
2017-08-30 00:50:45,046 [Worker-14] INFO  o.e.m.c.i.embedder.EclipseLogger - skip non existing resourceDirectory C:\Users\Drew\OneDrive\College\CODING\CISC181\Classwork Workspace\PS6Starter\PS6.DAL\src\test\resources
2017-08-30 00:50:45,249 [Worker-14] INFO  o.e.m.c.i.l.LifecycleMappingFactory - Using org.eclipse.m2e.jdt.JarLifecycleMapping lifecycle mapping for MavenProject: org.springframework.samples:PS6_JavaFx:0.0.1-SNAPSHOT @ C:\Users\Drew\OneDrive\College\CODING\CISC181\Classwork Workspace\PS6Starter\PS6.JavaFx\pom.xml.
2017-08-30 00:50:45,812 [Worker-14] INFO  o.e.m.c.i.embedder.EclipseLogger - Using 'UTF-8' encoding to copy filtered resources.
2017-08-30 00:50:45,812 [Worker-14] INFO  o.e.m.c.i.embedder.EclipseLogger - Copying 1 resource
2017-08-30 00:50:45,812 [Worker-14] INFO  o.e.m.c.i.embedder.EclipseLogger - Using 'UTF-8' encoding to copy filtered resources.
2017-08-30 00:50:45,812 [Worker-14] INFO  o.e.m.c.i.embedder.EclipseLogger - skip non existing resourceDirectory C:\Users\Drew\OneDrive\College\CODING\CISC181\Classwork Workspace\PS6Starter\PS6.JavaFx\src\test\resources
2017-08-30 00:50:46,921 [Worker-14] INFO  o.e.m.c.i.l.LifecycleMappingFactory - Using org.eclipse.m2e.jdt.JarLifecycleMapping lifecycle mapping for MavenProject: 702211664:Quiz3:0.0.1-SNAPSHOT @ C:\Users\Drew\OneDrive\College\CODING\CISC181\Classwork Workspace\Quiz3\pom.xml.
2017-08-30 00:50:47,015 [Worker-14] WARN  o.e.m.c.i.embedder.EclipseLogger - Using platform encoding (Cp1252 actually) to copy filtered resources, i.e. build is platform dependent!
2017-08-30 00:50:47,046 [Worker-14] INFO  o.e.m.c.i.embedder.EclipseLogger - skip non existing resourceDirectory C:\Users\Drew\OneDrive\College\CODING\CISC181\Classwork Workspace\Quiz3\src\main\resources
2017-08-30 00:50:47,046 [Worker-14] WARN  o.e.m.c.i.embedder.EclipseLogger - Using platform encoding (Cp1252 actually) to copy filtered resources, i.e. build is platform dependent!
2017-08-30 00:50:47,109 [Worker-14] INFO  o.e.m.c.i.embedder.EclipseLogger - skip non existing resourceDirectory C:\Users\Drew\OneDrive\College\CODING\CISC181\Classwork Workspace\Quiz3\src\test\resources
2017-08-30 00:50:48,312 [Worker-12] INFO  o.e.m.c.i.l.LifecycleMappingFactory - Using org.eclipse.m2e.jdt.JarLifecycleMapping lifecycle mapping for MavenProject: edu.ud.cis.cisc181:RioBLL:0.0.1-SNAPSHOT @ C:\Users\Drew\OneDrive\College\CODING\CISC181\Classwork Workspace\Lab5Starter\RioBLL\pom.xml.
2017-08-30 00:50:48,859 [Worker-12] INFO  o.e.m.c.i.l.LifecycleMappingFactory - Using org.eclipse.m2e.jdt.JarLifecycleMapping lifecycle mapping for MavenProject: edu.ud.cis.cisc181:RioClient:0.0.1-SNAPSHOT @ C:\Users\Drew\OneDrive\College\CODING\CISC181\Classwork Workspace\Lab5Starter\RioClient\pom.xml.
2017-08-30 00:50:49,218 [Worker-12] INFO  o.e.m.c.i.l.LifecycleMappingFactory - Using org.eclipse.m2e.jdt.JarLifecycleMapping lifecycle mapping for MavenProject: edu.ud.cis.cisc181:RioJabber:0.0.1-SNAPSHOT @ C:\Users\Drew\OneDrive\College\CODING\CISC181\Classwork Workspace\Lab5Starter\RioJabber\pom.xml.
2017-08-30 00:50:50,390 [Worker-12] INFO  o.e.m.c.i.l.LifecycleMappingFactory - Using org.eclipse.m2e.jdt.JarLifecycleMapping lifecycle mapping for MavenProject: org.springframework.samples:PS6:0.0.2-SNAPSHOT @ C:\Users\Drew\OneDrive\College\CODING\CISC181\Classwork Workspace\PS6Starter\PS6.DAL\pom.xml.
2017-08-30 00:50:50,891 [Worker-12] INFO  o.e.m.c.i.l.LifecycleMappingFactory - Using org.eclipse.m2e.jdt.JarLifecycleMapping lifecycle mapping for MavenProject: org.springframework.samples:PS6_JavaFx:0.0.1-SNAPSHOT @ C:\Users\Drew\OneDrive\College\CODING\CISC181\Classwork Workspace\PS6Starter\PS6.JavaFx\pom.xml.
2017-08-30 00:50:50,906 [Worker-5] INFO  o.e.m.c.i.embedder.EclipseLogger - Using 'UTF-8' encoding to copy filtered resources.
2017-08-30 00:50:50,922 [Worker-5] INFO  o.e.m.c.i.embedder.EclipseLogger - Copying 1 resource
2017-08-30 00:50:50,969 [Worker-5] INFO  o.e.m.c.i.embedder.EclipseLogger - Using 'UTF-8' encoding to copy filtered resources.
2017-08-30 00:50:50,969 [Worker-5] INFO  o.e.m.c.i.embedder.EclipseLogger - skip non existing resourceDirectory C:\Users\Drew\OneDrive\College\CODING\CISC181\Classwork Workspace\PS6Starter\PS6.JavaFx\src\test\resources
2017-08-30 00:50:51,594 [Worker-12] INFO  o.e.m.c.i.l.LifecycleMappingFactory - Using org.eclipse.m2e.jdt.JarLifecycleMapping lifecycle mapping for MavenProject: 702211664:Quiz3:0.0.1-SNAPSHOT @ C:\Users\Drew\OneDrive\College\CODING\CISC181\Classwork Workspace\Quiz3\pom.xml.
2017-08-30 00:50:52,625 [Worker-19] INFO  o.e.m.c.i.embedder.EclipseLogger - Using 'UTF-8' encoding to copy filtered resources.
2017-08-30 00:50:52,625 [Worker-19] INFO  o.e.m.c.i.embedder.EclipseLogger - Copying 0 resource
2017-08-30 00:50:52,641 [Worker-19] INFO  o.e.m.c.i.embedder.EclipseLogger - Using 'UTF-8' encoding to copy filtered resources.
2017-08-30 00:50:52,641 [Worker-19] INFO  o.e.m.c.i.embedder.EclipseLogger - Copying 0 resource
2017-08-30 00:50:52,828 [Worker-19] INFO  o.e.m.c.i.embedder.EclipseLogger - Using 'UTF-8' encoding to copy filtered resources.
2017-08-30 00:50:52,828 [Worker-19] INFO  o.e.m.c.i.embedder.EclipseLogger - Copying 0 resource
2017-08-30 00:50:52,828 [Worker-19] INFO  o.e.m.c.i.embedder.EclipseLogger - Using 'UTF-8' encoding to copy filtered resources.
2017-08-30 00:50:52,828 [Worker-19] INFO  o.e.m.c.i.embedder.EclipseLogger - skip non existing resourceDirectory C:\Users\Drew\OneDrive\College\CODING\CISC181\Classwork Workspace\Lab5Starter\RioJabber\src\test\resources
2017-08-30 00:50:53,016 [Worker-19] INFO  o.e.m.c.i.embedder.EclipseLogger - Using 'UTF-8' encoding to copy filtered resources.
2017-08-30 00:50:53,016 [Worker-19] INFO  o.e.m.c.i.embedder.EclipseLogger - Copying 0 resource
2017-08-30 00:50:53,016 [Worker-19] INFO  o.e.m.c.i.embedder.EclipseLogger - Using 'UTF-8' encoding to copy filtered resources.
2017-08-30 00:50:53,016 [Worker-19] INFO  o.e.m.c.i.embedder.EclipseLogger - skip non existing resourceDirectory C:\Users\Drew\OneDrive\College\CODING\CISC181\Classwork Workspace\Lab5Starter\RioClient\src\test\resources
2017-08-30 00:50:53,156 [Worker-19] INFO  o.e.m.c.i.embedder.EclipseLogger - Using 'UTF-8' encoding to copy filtered resources.
2017-08-30 00:50:53,172 [Worker-19] INFO  o.e.m.c.i.embedder.EclipseLogger - Copying 0 resource
2017-08-30 00:50:53,172 [Worker-19] INFO  o.e.m.c.i.embedder.EclipseLogger - Using 'UTF-8' encoding to copy filtered resources.
2017-08-30 00:50:53,172 [Worker-19] INFO  o.e.m.c.i.embedder.EclipseLogger - skip non existing resourceDirectory C:\Users\Drew\OneDrive\College\CODING\CISC181\Classwork Workspace\PS6Starter\PS6.DAL\src\test\resources
2017-08-30 00:50:53,375 [Worker-19] INFO  o.e.m.c.i.embedder.EclipseLogger - Using 'UTF-8' encoding to copy filtered resources.
2017-08-30 00:50:53,375 [Worker-19] INFO  o.e.m.c.i.embedder.EclipseLogger - Copying 0 resource
2017-08-30 00:50:53,375 [Worker-19] INFO  o.e.m.c.i.embedder.EclipseLogger - Using 'UTF-8' encoding to copy filtered resources.
2017-08-30 00:50:53,375 [Worker-19] INFO  o.e.m.c.i.embedder.EclipseLogger - skip non existing resourceDirectory C:\Users\Drew\OneDrive\College\CODING\CISC181\Classwork Workspace\PS6Starter\PS6.JavaFx\src\test\resources
2017-08-30 00:50:53,406 [Worker-19] WARN  o.e.m.c.i.embedder.EclipseLogger - Using platform encoding (Cp1252 actually) to copy filtered resources, i.e. build is platform dependent!
2017-08-30 00:50:53,438 [Worker-19] INFO  o.e.m.c.i.embedder.EclipseLogger - skip non existing resourceDirectory C:\Users\Drew\OneDrive\College\CODING\CISC181\Classwork Workspace\Quiz3\src\main\resources
2017-08-30 00:50:53,438 [Worker-19] WARN  o.e.m.c.i.embedder.EclipseLogger - Using platform encoding (Cp1252 actually) to copy filtered resources, i.e. build is platform dependent!
2017-08-30 00:50:53,469 [Worker-19] INFO  o.e.m.c.i.embedder.EclipseLogger - skip non existing resourceDirectory C:\Users\Drew\OneDrive\College\CODING\CISC181\Classwork Workspace\Quiz3\src\test\resources
2017-08-30 01:23:29,725 [Worker-2] INFO  c.g.t.t.d.PublishedGradleVersions - Gradle version information cache is up-to-date. Trying to read.
2017-08-30 01:23:41,852 [Worker-16] INFO  o.e.m.c.i.l.LifecycleMappingFactory - Using org.eclipse.m2e.jdt.JarLifecycleMapping lifecycle mapping for MavenProject: org.springframework.samples:PS6:0.0.2-SNAPSHOT @ C:\Users\Drew\OneDrive\College\CODING\CISC181\Classwork Workspace\PS6Starter\PS6.DAL\pom.xml.
2017-08-30 01:23:43,299 [Worker-16] INFO  o.e.m.c.i.embedder.EclipseLogger - Using 'UTF-8' encoding to copy filtered resources.
2017-08-30 01:23:43,315 [Worker-16] INFO  o.e.m.c.i.embedder.EclipseLogger - Copying 3 resources
2017-08-30 01:23:43,335 [Worker-16] INFO  o.e.m.c.i.embedder.EclipseLogger - Using 'UTF-8' encoding to copy filtered resources.
2017-08-30 01:23:43,335 [Worker-16] INFO  o.e.m.c.i.embedder.EclipseLogger - skip non existing resourceDirectory C:\Users\Drew\OneDrive\College\CODING\CISC181\Classwork Workspace\PS6Starter\PS6.DAL\src\test\resources
2017-08-30 01:23:44,527 [Worker-16] INFO  o.e.m.c.i.l.LifecycleMappingFactory - Using org.eclipse.m2e.jdt.JarLifecycleMapping lifecycle mapping for MavenProject: org.springframework.samples:PS6_JavaFx:0.0.1-SNAPSHOT @ C:\Users\Drew\OneDrive\College\CODING\CISC181\Classwork Workspace\PS6Starter\PS6.JavaFx\pom.xml.
2017-08-30 01:23:45,215 [Worker-16] INFO  o.e.m.c.i.embedder.EclipseLogger - Using 'UTF-8' encoding to copy filtered resources.
2017-08-30 01:23:45,217 [Worker-16] INFO  o.e.m.c.i.embedder.EclipseLogger - Copying 1 resource
2017-08-30 01:23:45,221 [Worker-16] INFO  o.e.m.c.i.embedder.EclipseLogger - Using 'UTF-8' encoding to copy filtered resources.
2017-08-30 01:23:45,223 [Worker-16] INFO  o.e.m.c.i.embedder.EclipseLogger - skip non existing resourceDirectory C:\Users\Drew\OneDrive\College\CODING\CISC181\Classwork Workspace\PS6Starter\PS6.JavaFx\src\test\resources
2017-08-30 01:23:47,210 [Worker-16] INFO  o.e.m.c.i.l.LifecycleMappingFactory - Using org.eclipse.m2e.jdt.JarLifecycleMapping lifecycle mapping for MavenProject: 702211664:Quiz3:0.0.1-SNAPSHOT @ C:\Users\Drew\OneDrive\College\CODING\CISC181\Classwork Workspace\Quiz3\pom.xml.
2017-08-30 01:23:48,153 [Worker-16] WARN  o.e.m.c.i.embedder.EclipseLogger - Using platform encoding (Cp1252 actually) to copy filtered resources, i.e. build is platform dependent!
2017-08-30 01:23:48,350 [Worker-16] INFO  o.e.m.c.i.embedder.EclipseLogger - skip non existing resourceDirectory C:\Users\Drew\OneDrive\College\CODING\CISC181\Classwork Workspace\Quiz3\src\main\resources
2017-08-30 01:23:48,356 [Worker-16] WARN  o.e.m.c.i.embedder.EclipseLogger - Using platform encoding (Cp1252 actually) to copy filtered resources, i.e. build is platform dependent!
2017-08-30 01:23:48,380 [Worker-16] INFO  o.e.m.c.i.embedder.EclipseLogger - skip non existing resourceDirectory C:\Users\Drew\OneDrive\College\CODING\CISC181\Classwork Workspace\Quiz3\src\test\resources
2017-08-30 01:24:24,162 [Worker-27] INFO  o.e.m.c.i.l.LifecycleMappingFactory - Using org.eclipse.m2e.jdt.JarLifecycleMapping lifecycle mapping for MavenProject: org.springframework.samples:PS2:0.0.1-SNAPSHOT @ C:\Users\Drew\OneDrive\College\CODING\CISC181\Classwork Workspace\PS2Starter\PS2\pom.xml.
2017-08-30 01:24:50,072 [Worker-23] INFO  o.e.m.c.i.l.LifecycleMappingFactory - Using org.eclipse.m2e.jdt.JarLifecycleMapping lifecycle mapping for MavenProject: cis.cisc181.edu:Lab2Solution:0.0.1-SNAPSHOT @ C:\Users\Drew\OneDrive\College\CODING\CISC181\Classwork Workspace\Lab3Starter\Lab3\pom.xml.
2017-08-30 01:24:51,350 [Worker-23] INFO  o.e.m.c.i.embedder.EclipseLogger - Using 'UTF-8' encoding to copy filtered resources.
2017-08-30 01:24:51,352 [Worker-23] INFO  o.e.m.c.i.embedder.EclipseLogger - Copying 2 resources
2017-08-30 01:24:51,425 [Worker-23] INFO  o.e.m.c.i.embedder.EclipseLogger - Using 'UTF-8' encoding to copy filtered resources.
2017-08-30 01:24:51,440 [Worker-23] INFO  o.e.m.c.i.embedder.EclipseLogger - Copying 1 resource
2017-08-30 01:24:51,820 [Worker-23] INFO  o.e.m.c.i.l.LifecycleMappingFactory - Using org.eclipse.m2e.jdt.JarLifecycleMapping lifecycle mapping for MavenProject: cis.udel.edu:RioJavaFX:0.0.1-SNAPSHOT @ C:\Users\Drew\OneDrive\College\CODING\CISC181\Classwork Workspace\Lab4Starter\Lab4\pom.xml.
2017-08-30 01:24:52,545 [Worker-23] INFO  o.e.m.c.i.embedder.EclipseLogger - Using 'UTF-8' encoding to copy filtered resources.
2017-08-30 01:24:52,562 [Worker-23] INFO  o.e.m.c.i.embedder.EclipseLogger - skip non existing resourceDirectory C:\Users\Drew\OneDrive\College\CODING\CISC181\Classwork Workspace\Lab4Starter\Lab4\src\main\resources
2017-08-30 01:24:52,581 [Worker-23] INFO  o.e.m.c.i.embedder.EclipseLogger - Using 'UTF-8' encoding to copy filtered resources.
2017-08-30 01:24:52,594 [Worker-23] INFO  o.e.m.c.i.embedder.EclipseLogger - skip non existing resourceDirectory C:\Users\Drew\OneDrive\College\CODING\CISC181\Classwork Workspace\Lab4Starter\Lab4\src\test\resources
2017-08-30 01:24:54,765 [Worker-23] INFO  o.e.m.c.i.l.LifecycleMappingFactory - Using org.eclipse.m2e.jdt.JarLifecycleMapping lifecycle mapping for MavenProject: edu.ud.cis.cisc181:RioBLL:0.0.1-SNAPSHOT @ C:\Users\Drew\OneDrive\College\CODING\CISC181\Classwork Workspace\Lab5Starter\Lab5.RioBLL\pom.xml.
2017-08-30 01:24:55,339 [Worker-23] INFO  o.e.m.c.i.embedder.EclipseLogger - Using 'UTF-8' encoding to copy filtered resources.
2017-08-30 01:24:55,357 [Worker-23] INFO  o.e.m.c.i.embedder.EclipseLogger - Copying 1 resource
2017-08-30 01:24:55,398 [Worker-23] INFO  o.e.m.c.i.embedder.EclipseLogger - Using 'UTF-8' encoding to copy filtered resources.
2017-08-30 01:24:55,399 [Worker-23] INFO  o.e.m.c.i.embedder.EclipseLogger - Copying 1 resource
2017-08-30 01:24:56,788 [Worker-23] INFO  o.e.m.c.i.l.LifecycleMappingFactory - Using org.eclipse.m2e.jdt.JarLifecycleMapping lifecycle mapping for MavenProject: edu.ud.cis.cisc181:RioClient:0.0.1-SNAPSHOT @ C:\Users\Drew\OneDrive\College\CODING\CISC181\Classwork Workspace\Lab5Starter\Lab5.RioClient\pom.xml.
2017-08-30 01:24:57,507 [Worker-23] INFO  o.e.m.c.i.embedder.EclipseLogger - Using 'UTF-8' encoding to copy filtered resources.
2017-08-30 01:24:57,512 [Worker-23] INFO  o.e.m.c.i.embedder.EclipseLogger - Copying 66 resources
2017-08-30 01:24:57,931 [Worker-23] INFO  o.e.m.c.i.embedder.EclipseLogger - Using 'UTF-8' encoding to copy filtered resources.
2017-08-30 01:24:57,943 [Worker-23] INFO  o.e.m.c.i.embedder.EclipseLogger - skip non existing resourceDirectory C:\Users\Drew\OneDrive\College\CODING\CISC181\Classwork Workspace\Lab5Starter\Lab5.RioClient\src\test\resources
2017-08-30 01:24:58,639 [Worker-23] INFO  o.e.m.c.i.l.LifecycleMappingFactory - Using org.eclipse.m2e.jdt.JarLifecycleMapping lifecycle mapping for MavenProject: edu.ud.cis.cisc181:RioJabber:0.0.1-SNAPSHOT @ C:\Users\Drew\OneDrive\College\CODING\CISC181\Classwork Workspace\Lab5Starter\Lab5.RioJabber\pom.xml.
2017-08-30 01:24:59,305 [Worker-23] INFO  o.e.m.c.i.embedder.EclipseLogger - Using 'UTF-8' encoding to copy filtered resources.
2017-08-30 01:24:59,306 [Worker-23] INFO  o.e.m.c.i.embedder.EclipseLogger - Copying 1 resource
2017-08-30 01:24:59,331 [Worker-23] INFO  o.e.m.c.i.embedder.EclipseLogger - Using 'UTF-8' encoding to copy filtered resources.
2017-08-30 01:24:59,332 [Worker-23] INFO  o.e.m.c.i.embedder.EclipseLogger - skip non existing resourceDirectory C:\Users\Drew\OneDrive\College\CODING\CISC181\Classwork Workspace\Lab5Starter\Lab5.RioJabber\src\test\resources
2017-08-30 01:25:00,787 [Worker-19] INFO  o.e.m.c.i.embedder.EclipseLogger - Using 'UTF-8' encoding to copy filtered resources.
2017-08-30 01:25:00,801 [Worker-19] INFO  o.e.m.c.i.embedder.EclipseLogger - Copying 2 resources
2017-08-30 01:25:00,851 [Worker-19] INFO  o.e.m.c.i.embedder.EclipseLogger - Using 'UTF-8' encoding to copy filtered resources.
2017-08-30 01:25:00,867 [Worker-19] INFO  o.e.m.c.i.embedder.EclipseLogger - Copying 1 resource
2017-08-30 01:25:01,277 [Worker-19] INFO  o.e.m.c.i.embedder.EclipseLogger - Using 'UTF-8' encoding to copy filtered resources.
2017-08-30 01:25:01,277 [Worker-19] INFO  o.e.m.c.i.embedder.EclipseLogger - skip non existing resourceDirectory C:\Users\Drew\OneDrive\College\CODING\CISC181\Classwork Workspace\Lab4Starter\Lab4\src\main\resources
2017-08-30 01:25:01,299 [Worker-19] INFO  o.e.m.c.i.embedder.EclipseLogger - Using 'UTF-8' encoding to copy filtered resources.
2017-08-30 01:25:01,299 [Worker-19] INFO  o.e.m.c.i.embedder.EclipseLogger - skip non existing resourceDirectory C:\Users\Drew\OneDrive\College\CODING\CISC181\Classwork Workspace\Lab4Starter\Lab4\src\test\resources
2017-08-30 01:25:02,317 [Worker-19] INFO  o.e.m.c.i.embedder.EclipseLogger - Using 'UTF-8' encoding to copy filtered resources.
2017-08-30 01:25:02,320 [Worker-19] INFO  o.e.m.c.i.embedder.EclipseLogger - Copying 1 resource
2017-08-30 01:25:02,355 [Worker-19] INFO  o.e.m.c.i.embedder.EclipseLogger - Using 'UTF-8' encoding to copy filtered resources.
2017-08-30 01:25:02,368 [Worker-19] INFO  o.e.m.c.i.embedder.EclipseLogger - Copying 1 resource
2017-08-30 01:25:02,840 [Worker-19] INFO  o.e.m.c.i.embedder.EclipseLogger - Using 'UTF-8' encoding to copy filtered resources.
2017-08-30 01:25:02,842 [Worker-19] INFO  o.e.m.c.i.embedder.EclipseLogger - Copying 1 resource
2017-08-30 01:25:02,868 [Worker-19] INFO  o.e.m.c.i.embedder.EclipseLogger - Using 'UTF-8' encoding to copy filtered resources.
2017-08-30 01:25:02,869 [Worker-19] INFO  o.e.m.c.i.embedder.EclipseLogger - skip non existing resourceDirectory C:\Users\Drew\OneDrive\College\CODING\CISC181\Classwork Workspace\Lab5Starter\Lab5.RioJabber\src\test\resources
2017-08-30 01:25:04,593 [Worker-19] INFO  o.e.m.c.i.embedder.EclipseLogger - Using 'UTF-8' encoding to copy filtered resources.
2017-08-30 01:25:04,604 [Worker-19] INFO  o.e.m.c.i.embedder.EclipseLogger - Copying 66 resources
2017-08-30 01:25:05,011 [Worker-19] INFO  o.e.m.c.i.embedder.EclipseLogger - Using 'UTF-8' encoding to copy filtered resources.
2017-08-30 01:25:05,022 [Worker-19] INFO  o.e.m.c.i.embedder.EclipseLogger - skip non existing resourceDirectory C:\Users\Drew\OneDrive\College\CODING\CISC181\Classwork Workspace\Lab5Starter\Lab5.RioClient\src\test\resources
2017-08-30 01:25:05,695 [Worker-19] INFO  o.e.m.c.i.l.LifecycleMappingFactory - Using org.eclipse.m2e.jdt.JarLifecycleMapping lifecycle mapping for MavenProject: org.springframework.samples:MidtermStarterProject:0.0.1-SNAPSHOT @ C:\Users\Drew\OneDrive\College\CODING\CISC181\Classwork Workspace\MidtermStarter\Midterm Coding Project\pom.xml.
2017-08-30 01:25:06,169 [Worker-19] INFO  o.e.m.c.i.embedder.EclipseLogger - Using 'UTF-8' encoding to copy filtered resources.
2017-08-30 01:25:06,183 [Worker-19] INFO  o.e.m.c.i.embedder.EclipseLogger - Copying 2 resources
2017-08-30 01:25:06,223 [Worker-19] INFO  o.e.m.c.i.embedder.EclipseLogger - Using 'UTF-8' encoding to copy filtered resources.
2017-08-30 01:25:06,234 [Worker-19] INFO  o.e.m.c.i.embedder.EclipseLogger - skip non existing resourceDirectory C:\Users\Drew\OneDrive\College\CODING\CISC181\Classwork Workspace\MidtermStarter\Midterm Coding Project\src\test\resources
2017-08-30 01:25:06,705 [Worker-19] INFO  o.e.m.c.i.l.LifecycleMappingFactory - Using org.eclipse.m2e.jdt.JarLifecycleMapping lifecycle mapping for MavenProject: org.springframework.samples:PS6:0.0.2-SNAPSHOT @ C:\Users\Drew\OneDrive\College\CODING\CISC181\Classwork Workspace\PS6Starter\PS6.DAL\pom.xml.
2017-08-30 01:25:07,250 [Worker-19] INFO  o.e.m.c.i.embedder.EclipseLogger - Using 'UTF-8' encoding to copy filtered resources.
2017-08-30 01:25:07,251 [Worker-19] INFO  o.e.m.c.i.embedder.EclipseLogger - Copying 3 resources
2017-08-30 01:25:07,298 [Worker-19] INFO  o.e.m.c.i.embedder.EclipseLogger - Using 'UTF-8' encoding to copy filtered resources.
2017-08-30 01:25:07,299 [Worker-19] INFO  o.e.m.c.i.embedder.EclipseLogger - skip non existing resourceDirectory C:\Users\Drew\OneDrive\College\CODING\CISC181\Classwork Workspace\PS6Starter\PS6.DAL\src\test\resources
2017-08-30 01:25:07,957 [Worker-19] INFO  o.e.m.c.i.l.LifecycleMappingFactory - Using org.eclipse.m2e.jdt.JarLifecycleMapping lifecycle mapping for MavenProject: org.springframework.samples:PS6_JavaFx:0.0.1-SNAPSHOT @ C:\Users\Drew\OneDrive\College\CODING\CISC181\Classwork Workspace\PS6Starter\PS6.JavaFx\pom.xml.
2017-08-30 01:25:08,534 [Worker-19] INFO  o.e.m.c.i.embedder.EclipseLogger - Using 'UTF-8' encoding to copy filtered resources.
2017-08-30 01:25:08,535 [Worker-19] INFO  o.e.m.c.i.embedder.EclipseLogger - Copying 1 resource
2017-08-30 01:25:08,551 [Worker-19] INFO  o.e.m.c.i.embedder.EclipseLogger - Using 'UTF-8' encoding to copy filtered resources.
2017-08-30 01:25:08,569 [Worker-19] INFO  o.e.m.c.i.embedder.EclipseLogger - skip non existing resourceDirectory C:\Users\Drew\OneDrive\College\CODING\CISC181\Classwork Workspace\PS6Starter\PS6.JavaFx\src\test\resources
2017-08-30 01:25:08,840 [Worker-19] INFO  o.e.m.c.i.embedder.EclipseLogger - Using 'UTF-8' encoding to copy filtered resources.
2017-08-30 01:25:08,857 [Worker-19] INFO  o.e.m.c.i.embedder.EclipseLogger - Copying 1 resource
2017-08-30 01:25:08,870 [Worker-19] INFO  o.e.m.c.i.embedder.EclipseLogger - Using 'UTF-8' encoding to copy filtered resources.
2017-08-30 01:25:08,885 [Worker-19] INFO  o.e.m.c.i.embedder.EclipseLogger - skip non existing resourceDirectory C:\Users\Drew\OneDrive\College\CODING\CISC181\Classwork Workspace\PS2Starter\PS2\src\test\resources
2017-08-30 01:25:10,011 [Worker-19] INFO  o.e.m.c.i.l.LifecycleMappingFactory - Using org.eclipse.m2e.jdt.JarLifecycleMapping lifecycle mapping for MavenProject: 702211664:Quiz3:0.0.1-SNAPSHOT @ C:\Users\Drew\OneDrive\College\CODING\CISC181\Classwork Workspace\Quiz3\pom.xml.
2017-08-30 01:25:10,298 [Worker-19] WARN  o.e.m.c.i.embedder.EclipseLogger - Using platform encoding (Cp1252 actually) to copy filtered resources, i.e. build is platform dependent!
2017-08-30 01:25:10,315 [Worker-19] INFO  o.e.m.c.i.embedder.EclipseLogger - skip non existing resourceDirectory C:\Users\Drew\OneDrive\College\CODING\CISC181\Classwork Workspace\Quiz3\src\main\resources
2017-08-30 01:25:10,333 [Worker-19] WARN  o.e.m.c.i.embedder.EclipseLogger - Using platform encoding (Cp1252 actually) to copy filtered resources, i.e. build is platform dependent!
2017-08-30 01:25:10,366 [Worker-19] INFO  o.e.m.c.i.embedder.EclipseLogger - skip non existing resourceDirectory C:\Users\Drew\OneDrive\College\CODING\CISC181\Classwork Workspace\Quiz3\src\test\resources
2017-08-30 01:25:12,126 [Worker-33] INFO  o.e.m.c.i.embedder.EclipseLogger - Using 'UTF-8' encoding to copy filtered resources.
2017-08-30 01:25:12,127 [Worker-33] INFO  o.e.m.c.i.embedder.EclipseLogger - Copying 2 resources
2017-08-30 01:25:12,167 [Worker-33] INFO  o.e.m.c.i.embedder.EclipseLogger - Using 'UTF-8' encoding to copy filtered resources.
2017-08-30 01:25:12,168 [Worker-33] INFO  o.e.m.c.i.embedder.EclipseLogger - skip non existing resourceDirectory C:\Users\Drew\OneDrive\College\CODING\CISC181\Classwork Workspace\MidtermStarter\Midterm Coding Project\src\test\resources
2017-08-30 01:25:12,532 [Worker-33] INFO  o.e.m.c.i.embedder.EclipseLogger - Using 'UTF-8' encoding to copy filtered resources.
2017-08-30 01:25:12,535 [Worker-33] INFO  o.e.m.c.i.embedder.EclipseLogger - Copying 3 resources
2017-08-30 01:25:12,582 [Worker-33] INFO  o.e.m.c.i.embedder.EclipseLogger - Using 'UTF-8' encoding to copy filtered resources.
2017-08-30 01:25:12,582 [Worker-33] INFO  o.e.m.c.i.embedder.EclipseLogger - skip non existing resourceDirectory C:\Users\Drew\OneDrive\College\CODING\CISC181\Classwork Workspace\PS6Starter\PS6.DAL\src\test\resources
2017-08-30 01:25:13,110 [Worker-33] INFO  o.e.m.c.i.embedder.EclipseLogger - Using 'UTF-8' encoding to copy filtered resources.
2017-08-30 01:25:13,112 [Worker-33] INFO  o.e.m.c.i.embedder.EclipseLogger - Copying 1 resource
2017-08-30 01:25:13,135 [Worker-33] INFO  o.e.m.c.i.embedder.EclipseLogger - Using 'UTF-8' encoding to copy filtered resources.
2017-08-30 01:25:13,136 [Worker-33] INFO  o.e.m.c.i.embedder.EclipseLogger - skip non existing resourceDirectory C:\Users\Drew\OneDrive\College\CODING\CISC181\Classwork Workspace\PS6Starter\PS6.JavaFx\src\test\resources
2017-08-30 01:27:23,520 [Worker-28] INFO  o.e.m.c.i.l.LifecycleMappingFactory - Using null lifecycle mapping for MavenProject: org.springframework.samples:PS6_JavaFx:0.0.1-SNAPSHOT @ C:\Users\Drew\OneDrive\College\CODING\CISC181\Classwork Workspace\PS6Starter\PS6.JavaFx\pom.xml.
2017-08-30 01:27:23,645 [Worker-28] ERROR o.e.m.e.x.i.MarkerLocationService - null
org.eclipse.jface.text.BadLocationException: null
	at org.eclipse.jface.text.ListLineTracker.getLineOffset(ListLineTracker.java:191) ~[na:na]
	at org.eclipse.jface.text.AbstractLineTracker.getLineOffset(AbstractLineTracker.java:157) ~[na:na]
	at org.eclipse.wst.sse.core.internal.text.BasicStructuredDocument.getLineOffset(BasicStructuredDocument.java:1495) ~[na:na]
	at org.eclipse.m2e.editor.xml.internal.MarkerLocationService.findLocationForMarker(MarkerLocationService.java:106) ~[na:na]
	at org.eclipse.m2e.core.internal.markers.MarkerUtils.decorateMarker(MarkerUtils.java:48) [org.eclipse.m2e.core_1.7.0.20160603-1933.jar:na]
	at org.eclipse.m2e.core.internal.markers.MavenMarkerManager.addErrorMarker(MavenMarkerManager.java:312) [org.eclipse.m2e.core_1.7.0.20160603-1933.jar:na]
	at org.eclipse.m2e.core.internal.markers.MavenMarkerManager.addErrorMarkers(MavenMarkerManager.java:295) [org.eclipse.m2e.core_1.7.0.20160603-1933.jar:na]
	at org.eclipse.m2e.core.internal.project.registry.ProjectRegistryManager.setupLifecycleMapping(ProjectRegistryManager.java:611) [org.eclipse.m2e.core_1.7.0.20160603-1933.jar:na]
	at org.eclipse.m2e.core.internal.project.registry.ProjectRegistryManager.refreshPhase2(ProjectRegistryManager.java:513) [org.eclipse.m2e.core_1.7.0.20160603-1933.jar:na]
	at org.eclipse.m2e.core.internal.project.registry.ProjectRegistryManager$3.call(ProjectRegistryManager.java:492) [org.eclipse.m2e.core_1.7.0.20160603-1933.jar:na]
	at org.eclipse.m2e.core.internal.project.registry.ProjectRegistryManager$3.call(ProjectRegistryManager.java:1) [org.eclipse.m2e.core_1.7.0.20160603-1933.jar:na]
	at org.eclipse.m2e.core.internal.embedder.MavenExecutionContext.executeBare(MavenExecutionContext.java:176) [org.eclipse.m2e.core_1.7.0.20160603-1933.jar:na]
	at org.eclipse.m2e.core.internal.embedder.MavenExecutionContext.execute(MavenExecutionContext.java:151) [org.eclipse.m2e.core_1.7.0.20160603-1933.jar:na]
	at org.eclipse.m2e.core.internal.project.registry.ProjectRegistryManager.refresh(ProjectRegistryManager.java:496) [org.eclipse.m2e.core_1.7.0.20160603-1933.jar:na]
	at org.eclipse.m2e.core.internal.project.registry.ProjectRegistryManager.refresh(ProjectRegistryManager.java:351) [org.eclipse.m2e.core_1.7.0.20160603-1933.jar:na]
	at org.eclipse.m2e.core.internal.project.registry.ProjectRegistryRefreshJob$1$1.call(ProjectRegistryRefreshJob.java:89) [org.eclipse.m2e.core_1.7.0.20160603-1933.jar:na]
	at org.eclipse.m2e.core.internal.project.registry.ProjectRegistryRefreshJob$1$1.call(ProjectRegistryRefreshJob.java:1) [org.eclipse.m2e.core_1.7.0.20160603-1933.jar:na]
	at org.eclipse.m2e.core.internal.embedder.MavenExecutionContext.executeBare(MavenExecutionContext.java:176) [org.eclipse.m2e.core_1.7.0.20160603-1933.jar:na]
	at org.eclipse.m2e.core.internal.embedder.MavenExecutionContext.execute(MavenExecutionContext.java:151) [org.eclipse.m2e.core_1.7.0.20160603-1933.jar:na]
	at org.eclipse.m2e.core.internal.embedder.MavenExecutionContext.execute(MavenExecutionContext.java:99) [org.eclipse.m2e.core_1.7.0.20160603-1933.jar:na]
	at org.eclipse.m2e.core.internal.embedder.MavenImpl.execute(MavenImpl.java:1351) [org.eclipse.m2e.core_1.7.0.20160603-1933.jar:na]
	at org.eclipse.m2e.core.internal.project.registry.ProjectRegistryRefreshJob$1.call(ProjectRegistryRefreshJob.java:87) [org.eclipse.m2e.core_1.7.0.20160603-1933.jar:na]
	at org.eclipse.m2e.core.internal.project.registry.ProjectRegistryRefreshJob$1.call(ProjectRegistryRefreshJob.java:1) [org.eclipse.m2e.core_1.7.0.20160603-1933.jar:na]
	at org.eclipse.m2e.core.internal.embedder.MavenExecutionContext.executeBare(MavenExecutionContext.java:176) [org.eclipse.m2e.core_1.7.0.20160603-1933.jar:na]
	at org.eclipse.m2e.core.internal.embedder.MavenExecutionContext.execute(MavenExecutionContext.java:151) [org.eclipse.m2e.core_1.7.0.20160603-1933.jar:na]
	at org.eclipse.m2e.core.internal.embedder.MavenExecutionContext.execute(MavenExecutionContext.java:99) [org.eclipse.m2e.core_1.7.0.20160603-1933.jar:na]
	at org.eclipse.m2e.core.internal.embedder.MavenImpl.execute(MavenImpl.java:1355) [org.eclipse.m2e.core_1.7.0.20160603-1933.jar:na]
	at org.eclipse.m2e.core.internal.project.registry.ProjectRegistryRefreshJob.run(ProjectRegistryRefreshJob.java:81) [org.eclipse.m2e.core_1.7.0.20160603-1933.jar:na]
	at org.eclipse.core.internal.jobs.Worker.run(Worker.java:55) [org.eclipse.core.jobs_3.8.0.v20160509-0411.jar:na]
2017-08-30 01:30:00,927 [Worker-34] INFO  o.e.m.c.i.l.LifecycleMappingFactory - Using org.eclipse.m2e.jdt.JarLifecycleMapping lifecycle mapping for MavenProject: org.springframework.samples:PS2:0.0.1-SNAPSHOT @ C:\Users\Drew\OneDrive\College\CODING\CISC181\Classwork Workspace\PS2Starter\PS2\pom.xml.
2017-08-30 01:30:01,024 [Worker-37] INFO  o.e.m.c.i.l.LifecycleMappingFactory - Using org.eclipse.m2e.jdt.JarLifecycleMapping lifecycle mapping for MavenProject: org.springframework.samples:PS2:0.0.1-SNAPSHOT @ C:\Users\Drew\OneDrive\College\CODING\CISC181\Classwork Workspace\PS2Starter\PS2\pom.xml.
2017-08-30 01:30:01,666 [Worker-37] INFO  o.e.m.c.i.embedder.EclipseLogger - Using 'UTF-8' encoding to copy filtered resources.
2017-08-30 01:30:01,668 [Worker-37] INFO  o.e.m.c.i.embedder.EclipseLogger - Copying 1 resource
2017-08-30 01:30:01,756 [Worker-37] INFO  o.e.m.c.i.embedder.EclipseLogger - Using 'UTF-8' encoding to copy filtered resources.
2017-08-30 01:30:01,757 [Worker-37] INFO  o.e.m.c.i.embedder.EclipseLogger - skip non existing resourceDirectory C:\Users\Drew\OneDrive\College\CODING\CISC181\Classwork Workspace\PS2Starter\PS2\src\test\resources
2017-08-30 01:30:03,154 [Worker-35] INFO  o.e.m.c.i.embedder.EclipseLogger - Using 'UTF-8' encoding to copy filtered resources.
2017-08-30 01:30:03,156 [Worker-35] INFO  o.e.m.c.i.embedder.EclipseLogger - Copying 1 resource
2017-08-30 01:30:03,205 [Worker-35] INFO  o.e.m.c.i.embedder.EclipseLogger - Using 'UTF-8' encoding to copy filtered resources.
2017-08-30 01:30:03,206 [Worker-35] INFO  o.e.m.c.i.embedder.EclipseLogger - skip non existing resourceDirectory C:\Users\Drew\OneDrive\College\CODING\CISC181\Classwork Workspace\PS2Starter\PS2\src\test\resources
2017-08-30 01:30:03,627 [Worker-35] INFO  o.e.m.c.i.l.LifecycleMappingFactory - Using org.eclipse.m2e.jdt.JarLifecycleMapping lifecycle mapping for MavenProject: org.springframework.samples:PS6:0.0.2-SNAPSHOT @ C:\Users\Drew\OneDrive\College\CODING\CISC181\Classwork Workspace\PS6Starter\ProblemSet6.DAL\pom.xml.
2017-08-30 01:30:04,026 [Worker-35] INFO  o.e.m.c.i.embedder.EclipseLogger - Using 'UTF-8' encoding to copy filtered resources.
2017-08-30 01:30:04,065 [Worker-35] INFO  o.e.m.c.i.embedder.EclipseLogger - Copying 3 resources
2017-08-30 01:30:04,142 [Worker-35] INFO  o.e.m.c.i.embedder.EclipseLogger - Using 'UTF-8' encoding to copy filtered resources.
2017-08-30 01:30:04,142 [Worker-35] INFO  o.e.m.c.i.embedder.EclipseLogger - skip non existing resourceDirectory C:\Users\Drew\OneDrive\College\CODING\CISC181\Classwork Workspace\PS6Starter\ProblemSet6.DAL\src\test\resources
2017-08-30 01:30:04,847 [Worker-35] INFO  o.e.m.c.i.l.LifecycleMappingFactory - Using org.eclipse.m2e.jdt.JarLifecycleMapping lifecycle mapping for MavenProject: org.springframework.samples:PS6_JavaFx:0.0.1-SNAPSHOT @ C:\Users\Drew\OneDrive\College\CODING\CISC181\Classwork Workspace\PS6Starter\ProblemSet6.JavaFx\pom.xml.
2017-08-30 01:30:05,319 [Worker-35] INFO  o.e.m.c.i.embedder.EclipseLogger - Using 'UTF-8' encoding to copy filtered resources.
2017-08-30 01:30:05,319 [Worker-35] INFO  o.e.m.c.i.embedder.EclipseLogger - Copying 1 resource
2017-08-30 01:30:05,341 [Worker-35] INFO  o.e.m.c.i.embedder.EclipseLogger - Using 'UTF-8' encoding to copy filtered resources.
2017-08-30 01:30:05,341 [Worker-35] INFO  o.e.m.c.i.embedder.EclipseLogger - skip non existing resourceDirectory C:\Users\Drew\OneDrive\College\CODING\CISC181\Classwork Workspace\PS6Starter\ProblemSet6.JavaFx\src\test\resources
2017-08-30 01:30:05,955 [Worker-34] INFO  o.e.m.c.i.l.LifecycleMappingFactory - Using org.eclipse.m2e.jdt.JarLifecycleMapping lifecycle mapping for MavenProject: org.springframework.samples:PS2:0.0.1-SNAPSHOT @ C:\Users\Drew\OneDrive\College\CODING\CISC181\Classwork Workspace\PS2Starter\PS2\pom.xml.
2017-08-30 01:30:06,261 [Worker-34] INFO  o.e.m.c.i.l.LifecycleMappingFactory - Using org.eclipse.m2e.jdt.JarLifecycleMapping lifecycle mapping for MavenProject: org.springframework.samples:PS6:0.0.2-SNAPSHOT @ C:\Users\Drew\OneDrive\College\CODING\CISC181\Classwork Workspace\PS6Starter\ProblemSet6.DAL\pom.xml.
2017-08-30 01:30:06,776 [Worker-37] INFO  o.e.m.c.i.embedder.EclipseLogger - Using 'UTF-8' encoding to copy filtered resources.
2017-08-30 01:30:06,777 [Worker-37] INFO  o.e.m.c.i.embedder.EclipseLogger - Copying 0 resource
2017-08-30 01:30:06,794 [Worker-37] INFO  o.e.m.c.i.embedder.EclipseLogger - Using 'UTF-8' encoding to copy filtered resources.
2017-08-30 01:30:06,807 [Worker-37] INFO  o.e.m.c.i.embedder.EclipseLogger - skip non existing resourceDirectory C:\Users\Drew\OneDrive\College\CODING\CISC181\Classwork Workspace\PS2Starter\PS2\src\test\resources
2017-08-30 01:30:07,099 [Worker-37] INFO  o.e.m.c.i.embedder.EclipseLogger - Using 'UTF-8' encoding to copy filtered resources.
2017-08-30 01:30:07,102 [Worker-37] INFO  o.e.m.c.i.embedder.EclipseLogger - Copying 3 resources
2017-08-30 01:30:07,144 [Worker-37] INFO  o.e.m.c.i.embedder.EclipseLogger - Using 'UTF-8' encoding to copy filtered resources.
2017-08-30 01:30:07,144 [Worker-37] INFO  o.e.m.c.i.embedder.EclipseLogger - skip non existing resourceDirectory C:\Users\Drew\OneDrive\College\CODING\CISC181\Classwork Workspace\PS6Starter\ProblemSet6.DAL\src\test\resources
2017-08-30 01:30:07,651 [Worker-37] INFO  o.e.m.c.i.embedder.EclipseLogger - Using 'UTF-8' encoding to copy filtered resources.
2017-08-30 01:30:07,653 [Worker-37] INFO  o.e.m.c.i.embedder.EclipseLogger - Copying 1 resource
2017-08-30 01:30:07,681 [Worker-37] INFO  o.e.m.c.i.embedder.EclipseLogger - Using 'UTF-8' encoding to copy filtered resources.
2017-08-30 01:30:07,681 [Worker-37] INFO  o.e.m.c.i.embedder.EclipseLogger - skip non existing resourceDirectory C:\Users\Drew\OneDrive\College\CODING\CISC181\Classwork Workspace\PS6Starter\ProblemSet6.JavaFx\src\test\resources
2017-08-30 01:32:36,997 [Worker-39] INFO  o.e.m.c.i.embedder.EclipseLogger - Using 'UTF-8' encoding to copy filtered resources.
2017-08-30 01:32:36,998 [Worker-39] INFO  o.e.m.c.i.embedder.EclipseLogger - Copying 0 resource
2017-08-30 01:32:37,017 [Worker-39] INFO  o.e.m.c.i.embedder.EclipseLogger - Using 'UTF-8' encoding to copy filtered resources.
2017-08-30 01:32:37,017 [Worker-39] INFO  o.e.m.c.i.embedder.EclipseLogger - skip non existing resourceDirectory C:\Users\Drew\OneDrive\College\CODING\CISC181\Classwork Workspace\PS2Starter\PS2\src\test\resources
2017-08-30 01:32:38,059 [Worker-41] INFO  o.e.m.c.i.embedder.EclipseLogger - Using 'UTF-8' encoding to copy filtered resources.
2017-08-30 01:32:38,061 [Worker-41] INFO  o.e.m.c.i.embedder.EclipseLogger - Copying 1 resource
2017-08-30 01:32:38,082 [Worker-41] INFO  o.e.m.c.i.embedder.EclipseLogger - Using 'UTF-8' encoding to copy filtered resources.
2017-08-30 01:32:38,083 [Worker-41] INFO  o.e.m.c.i.embedder.EclipseLogger - skip non existing resourceDirectory C:\Users\Drew\OneDrive\College\CODING\CISC181\Classwork Workspace\PS2Starter\PS2\src\test\resources
2017-08-30 01:33:37,761 [Worker-37] INFO  o.e.m.c.i.l.LifecycleMappingFactory - Using org.eclipse.m2e.jdt.JarLifecycleMapping lifecycle mapping for MavenProject: org.springframework.samples:PS2:0.0.1-SNAPSHOT @ C:\Users\Drew\OneDrive\College\CODING\CISC181\Classwork Workspace\PS2Starter\PS2\pom.xml.
2017-08-30 01:33:38,285 [Worker-37] INFO  o.e.m.c.i.embedder.EclipseLogger - Using 'UTF-8' encoding to copy filtered resources.
2017-08-30 01:33:38,297 [Worker-37] INFO  o.e.m.c.i.embedder.EclipseLogger - Copying 1 resource
2017-08-30 01:33:38,320 [Worker-37] INFO  o.e.m.c.i.embedder.EclipseLogger - Using 'UTF-8' encoding to copy filtered resources.
2017-08-30 01:33:38,320 [Worker-37] INFO  o.e.m.c.i.embedder.EclipseLogger - skip non existing resourceDirectory C:\Users\Drew\OneDrive\College\CODING\CISC181\Classwork Workspace\PS2Starter\PS2\src\test\resources
2017-08-30 01:33:38,797 [Worker-39] INFO  o.e.m.c.i.l.LifecycleMappingFactory - Using org.eclipse.m2e.jdt.JarLifecycleMapping lifecycle mapping for MavenProject: org.springframework.samples:PS2:0.0.1-SNAPSHOT @ C:\Users\Drew\OneDrive\College\CODING\CISC181\Classwork Workspace\PS2Starter\PS2\pom.xml.
2017-08-30 01:33:39,716 [Worker-37] INFO  o.e.m.c.i.embedder.EclipseLogger - Using 'UTF-8' encoding to copy filtered resources.
2017-08-30 01:33:39,718 [Worker-37] INFO  o.e.m.c.i.embedder.EclipseLogger - Copying 1 resource
2017-08-30 01:33:39,729 [Worker-37] INFO  o.e.m.c.i.embedder.EclipseLogger - Using 'UTF-8' encoding to copy filtered resources.
2017-08-30 01:33:39,729 [Worker-37] INFO  o.e.m.c.i.embedder.EclipseLogger - skip non existing resourceDirectory C:\Users\Drew\OneDrive\College\CODING\CISC181\Classwork Workspace\PS2Starter\PS2\src\test\resources
2017-08-30 01:35:35,634 [Worker-45] INFO  o.e.m.c.i.l.LifecycleMappingFactory - Using org.eclipse.m2e.jdt.JarLifecycleMapping lifecycle mapping for MavenProject: org.springframework.samples:PS2:0.0.1-SNAPSHOT @ C:\Users\Drew\OneDrive\College\CODING\CISC181\Classwork Workspace\PS2Starter\PS2\pom.xml.
2017-08-30 01:35:36,092 [Worker-45] INFO  o.e.m.c.i.embedder.EclipseLogger - Using 'UTF-8' encoding to copy filtered resources.
2017-08-30 01:35:36,105 [Worker-45] INFO  o.e.m.c.i.embedder.EclipseLogger - Copying 1 resource
2017-08-30 01:35:36,128 [Worker-45] INFO  o.e.m.c.i.embedder.EclipseLogger - Using 'UTF-8' encoding to copy filtered resources.
2017-08-30 01:35:36,129 [Worker-45] INFO  o.e.m.c.i.embedder.EclipseLogger - skip non existing resourceDirectory C:\Users\Drew\OneDrive\College\CODING\CISC181\Classwork Workspace\PS2Starter\PS2\src\test\resources
2017-08-30 01:35:36,614 [Worker-41] INFO  o.e.m.c.i.l.LifecycleMappingFactory - Using org.eclipse.m2e.jdt.JarLifecycleMapping lifecycle mapping for MavenProject: org.springframework.samples:PS2:0.0.1-SNAPSHOT @ C:\Users\Drew\OneDrive\College\CODING\CISC181\Classwork Workspace\PS2Starter\PS2\pom.xml.
2017-08-30 01:35:37,483 [Worker-44] INFO  o.e.m.c.i.embedder.EclipseLogger - Using 'UTF-8' encoding to copy filtered resources.
2017-08-30 01:35:37,485 [Worker-44] INFO  o.e.m.c.i.embedder.EclipseLogger - Copying 1 resource
2017-08-30 01:35:37,510 [Worker-44] INFO  o.e.m.c.i.embedder.EclipseLogger - Using 'UTF-8' encoding to copy filtered resources.
2017-08-30 01:35:37,511 [Worker-44] INFO  o.e.m.c.i.embedder.EclipseLogger - skip non existing resourceDirectory C:\Users\Drew\OneDrive\College\CODING\CISC181\Classwork Workspace\PS2Starter\PS2\src\test\resources
2017-08-30 01:37:23,762 [Worker-28] INFO  o.e.m.c.i.embedder.EclipseLogger - Using 'UTF-8' encoding to copy filtered resources.
2017-08-30 01:37:23,764 [Worker-28] INFO  o.e.m.c.i.embedder.EclipseLogger - Copying 1 resource
2017-08-30 01:37:23,781 [Worker-28] INFO  o.e.m.c.i.embedder.EclipseLogger - Using 'UTF-8' encoding to copy filtered resources.
2017-08-30 01:37:23,782 [Worker-28] INFO  o.e.m.c.i.embedder.EclipseLogger - skip non existing resourceDirectory C:\Users\Drew\OneDrive\College\CODING\CISC181\Classwork Workspace\PS2Starter\PS2\src\test\resources
2017-08-30 01:37:57,993 [Worker-46] INFO  o.e.m.c.i.embedder.EclipseLogger - Using 'UTF-8' encoding to copy filtered resources.
2017-08-30 01:37:57,995 [Worker-46] INFO  o.e.m.c.i.embedder.EclipseLogger - Copying 1 resource
2017-08-30 01:37:58,008 [Worker-46] INFO  o.e.m.c.i.embedder.EclipseLogger - Using 'UTF-8' encoding to copy filtered resources.
2017-08-30 01:37:58,009 [Worker-46] INFO  o.e.m.c.i.embedder.EclipseLogger - skip non existing resourceDirectory C:\Users\Drew\OneDrive\College\CODING\CISC181\Classwork Workspace\PS2Starter\PS2\src\test\resources
2017-08-30 01:39:23,077 [Worker-47] INFO  o.e.m.c.i.embedder.EclipseLogger - Using 'UTF-8' encoding to copy filtered resources.
2017-08-30 01:39:23,078 [Worker-47] INFO  o.e.m.c.i.embedder.EclipseLogger - skip non existing resourceDirectory C:\Users\Drew\OneDrive\College\CODING\CISC181\Classwork Workspace\PS2Starter\PS2\src\main\resources
2017-08-30 01:39:23,100 [Worker-47] INFO  o.e.m.c.i.embedder.EclipseLogger - Using 'UTF-8' encoding to copy filtered resources.
2017-08-30 01:39:23,101 [Worker-47] INFO  o.e.m.c.i.embedder.EclipseLogger - skip non existing resourceDirectory C:\Users\Drew\OneDrive\College\CODING\CISC181\Classwork Workspace\PS2Starter\PS2\src\test\resources
2017-08-30 01:39:30,821 [Worker-48] INFO  o.e.m.c.i.embedder.EclipseLogger - Using 'UTF-8' encoding to copy filtered resources.
2017-08-30 01:39:30,823 [Worker-48] INFO  o.e.m.c.i.embedder.EclipseLogger - Copying 1 resource
2017-08-30 01:39:30,847 [Worker-48] INFO  o.e.m.c.i.embedder.EclipseLogger - Using 'UTF-8' encoding to copy filtered resources.
2017-08-30 01:39:30,848 [Worker-48] INFO  o.e.m.c.i.embedder.EclipseLogger - skip non existing resourceDirectory C:\Users\Drew\OneDrive\College\CODING\CISC181\Classwork Workspace\PS2Starter\PS2\src\test\resources
2017-08-30 01:40:36,133 [Worker-48] INFO  o.e.m.c.i.embedder.EclipseLogger - Using 'UTF-8' encoding to copy filtered resources.
2017-08-30 01:40:36,134 [Worker-48] INFO  o.e.m.c.i.embedder.EclipseLogger - Copying 0 resource
2017-08-30 01:40:36,154 [Worker-48] INFO  o.e.m.c.i.embedder.EclipseLogger - Using 'UTF-8' encoding to copy filtered resources.
2017-08-30 01:40:36,155 [Worker-48] INFO  o.e.m.c.i.embedder.EclipseLogger - skip non existing resourceDirectory C:\Users\Drew\OneDrive\College\CODING\CISC181\Classwork Workspace\PS2Starter\PS2\src\test\resources
2017-09-19 00:21:20,803 [Worker-3] INFO  c.g.t.t.d.PublishedGradleVersions - Gradle version information cache is up-to-date. Trying to read.
2017-09-19 00:21:31,899 [Worker-2] INFO  o.e.m.c.i.l.LifecycleMappingFactory - Using org.eclipse.m2e.jdt.JarLifecycleMapping lifecycle mapping for MavenProject: cis.cisc181.edu:Lab2Solution:0.0.1-SNAPSHOT @ C:\Users\Drew\OneDrive\College\CODING\CISC181\Classwork Workspace\Lab3Starter\Lab3\pom.xml.
2017-09-19 00:21:34,957 [Worker-2] INFO  o.e.m.c.i.l.LifecycleMappingFactory - Using org.eclipse.m2e.jdt.JarLifecycleMapping lifecycle mapping for MavenProject: cis.udel.edu:RioJavaFX:0.0.1-SNAPSHOT @ C:\Users\Drew\OneDrive\College\CODING\CISC181\Classwork Workspace\Lab4Starter\Lab4\pom.xml.
2017-09-19 00:21:37,247 [Worker-2] INFO  o.e.m.c.i.l.LifecycleMappingFactory - Using org.eclipse.m2e.jdt.JarLifecycleMapping lifecycle mapping for MavenProject: edu.ud.cis.cisc181:RioBLL:0.0.1-SNAPSHOT @ C:\Users\Drew\OneDrive\College\CODING\CISC181\Classwork Workspace\Lab5Starter\RioBLL\pom.xml.
2017-09-19 00:21:37,451 [Worker-2] INFO  o.e.m.c.i.l.LifecycleMappingFactory - Using org.eclipse.m2e.jdt.JarLifecycleMapping lifecycle mapping for MavenProject: edu.ud.cis.cisc181:RioClient:0.0.1-SNAPSHOT @ C:\Users\Drew\OneDrive\College\CODING\CISC181\Classwork Workspace\Lab5Starter\RioClient\pom.xml.
2017-09-19 00:21:37,653 [Worker-2] INFO  o.e.m.c.i.l.LifecycleMappingFactory - Using org.eclipse.m2e.jdt.JarLifecycleMapping lifecycle mapping for MavenProject: edu.ud.cis.cisc181:RioJabber:0.0.1-SNAPSHOT @ C:\Users\Drew\OneDrive\College\CODING\CISC181\Classwork Workspace\Lab5Starter\RioJabber\pom.xml.
2017-09-19 00:21:37,776 [Worker-2] INFO  o.e.m.c.i.l.LifecycleMappingFactory - Using org.eclipse.m2e.jdt.JarLifecycleMapping lifecycle mapping for MavenProject: org.springframework.samples:MidtermStarterProject:0.0.1-SNAPSHOT @ C:\Users\Drew\OneDrive\College\CODING\CISC181\Classwork Workspace\MidtermStarter\Midterm Coding Project\pom.xml.
2017-09-19 00:21:37,899 [Worker-2] INFO  o.e.m.c.i.l.LifecycleMappingFactory - Using org.eclipse.m2e.jdt.JarLifecycleMapping lifecycle mapping for MavenProject: org.springframework.samples:PS2:0.0.1-SNAPSHOT @ C:\Users\Drew\OneDrive\College\CODING\CISC181\Classwork Workspace\PS2Starter\PS2\pom.xml.
2017-09-19 00:21:38,023 [Worker-2] INFO  o.e.m.c.i.l.LifecycleMappingFactory - Using org.eclipse.m2e.jdt.JarLifecycleMapping lifecycle mapping for MavenProject: org.springframework.samples:PS6:0.0.2-SNAPSHOT @ C:\Users\Drew\OneDrive\College\CODING\CISC181\Classwork Workspace\PS6Starter\PS6.DAL\pom.xml.
2017-09-19 00:21:38,135 [Worker-2] INFO  o.e.m.c.i.l.LifecycleMappingFactory - Using org.eclipse.m2e.jdt.JarLifecycleMapping lifecycle mapping for MavenProject: org.springframework.samples:PS6_JavaFx:0.0.1-SNAPSHOT @ C:\Users\Drew\OneDrive\College\CODING\CISC181\Classwork Workspace\PS6Starter\PS6.JavaFx\pom.xml.
2017-09-19 00:21:42,276 [Worker-2] INFO  o.e.m.c.i.l.LifecycleMappingFactory - Using org.eclipse.m2e.jdt.JarLifecycleMapping lifecycle mapping for MavenProject: 702211664:Quiz3:0.0.1-SNAPSHOT @ C:\Users\Drew\OneDrive\College\CODING\CISC181\Classwork Workspace\Quiz3\pom.xml.
2017-09-19 00:21:46,970 [Worker-27] INFO  o.e.m.c.i.embedder.EclipseLogger - Using 'UTF-8' encoding to copy filtered resources.
2017-09-19 00:21:46,979 [Worker-27] INFO  o.e.m.c.i.embedder.EclipseLogger - Copying 2 resources
2017-09-19 00:21:46,988 [Worker-27] INFO  o.e.m.c.i.embedder.EclipseLogger - Using 'UTF-8' encoding to copy filtered resources.
2017-09-19 00:21:46,989 [Worker-27] INFO  o.e.m.c.i.embedder.EclipseLogger - Copying 1 resource
2017-09-19 00:21:53,160 [Worker-8] INFO  o.e.m.c.i.embedder.EclipseLogger - Using 'UTF-8' encoding to copy filtered resources.
2017-09-19 00:21:53,176 [Worker-8] INFO  o.e.m.c.i.embedder.EclipseLogger - skip non existing resourceDirectory C:\Users\Drew\OneDrive\College\CODING\CISC181\Classwork Workspace\Lab4Starter\Lab4\src\main\resources
2017-09-19 00:21:53,180 [Worker-8] INFO  o.e.m.c.i.embedder.EclipseLogger - Using 'UTF-8' encoding to copy filtered resources.
2017-09-19 00:21:53,180 [Worker-8] INFO  o.e.m.c.i.embedder.EclipseLogger - skip non existing resourceDirectory C:\Users\Drew\OneDrive\College\CODING\CISC181\Classwork Workspace\Lab4Starter\Lab4\src\test\resources
2017-09-19 00:21:54,427 [Worker-33] INFO  o.e.m.c.i.embedder.EclipseLogger - Using 'UTF-8' encoding to copy filtered resources.
2017-09-19 00:21:54,429 [Worker-33] INFO  o.e.m.c.i.embedder.EclipseLogger - Copying 1 resource
2017-09-19 00:21:54,449 [Worker-33] INFO  o.e.m.c.i.embedder.EclipseLogger - Using 'UTF-8' encoding to copy filtered resources.
2017-09-19 00:21:54,452 [Worker-33] INFO  o.e.m.c.i.embedder.EclipseLogger - Copying 1 resource
2017-09-19 00:21:55,598 [Worker-31] INFO  o.e.m.c.i.l.LifecycleMappingFactory - Using org.eclipse.m2e.jdt.JarLifecycleMapping lifecycle mapping for MavenProject: edu.ud.cis.cisc181:RioJabber:0.0.1-SNAPSHOT @ C:\Users\Drew\OneDrive\College\CODING\CISC181\Classwork Workspace\Lab5Starter\RioJabber\pom.xml.
2017-09-19 00:21:55,956 [Worker-31] INFO  o.e.m.c.i.embedder.EclipseLogger - Using 'UTF-8' encoding to copy filtered resources.
2017-09-19 00:21:55,970 [Worker-31] INFO  o.e.m.c.i.embedder.EclipseLogger - Copying 1 resource
2017-09-19 00:21:55,988 [Worker-31] INFO  o.e.m.c.i.embedder.EclipseLogger - Using 'UTF-8' encoding to copy filtered resources.
2017-09-19 00:21:55,989 [Worker-31] INFO  o.e.m.c.i.embedder.EclipseLogger - skip non existing resourceDirectory C:\Users\Drew\OneDrive\College\CODING\CISC181\Classwork Workspace\Lab5Starter\RioJabber\src\test\resources
2017-09-19 00:21:57,317 [Worker-31] INFO  o.e.m.c.i.embedder.EclipseLogger - Using 'UTF-8' encoding to copy filtered resources.
2017-09-19 00:21:57,321 [Worker-31] INFO  o.e.m.c.i.embedder.EclipseLogger - Copying 66 resources
2017-09-19 00:21:57,340 [Worker-31] INFO  o.e.m.c.i.embedder.EclipseLogger - Using 'UTF-8' encoding to copy filtered resources.
2017-09-19 00:21:57,341 [Worker-31] INFO  o.e.m.c.i.embedder.EclipseLogger - skip non existing resourceDirectory C:\Users\Drew\OneDrive\College\CODING\CISC181\Classwork Workspace\Lab5Starter\RioClient\src\test\resources
2017-09-19 00:21:58,262 [Worker-6] INFO  o.e.m.c.i.l.LifecycleMappingFactory - Using org.eclipse.m2e.jdt.JarLifecycleMapping lifecycle mapping for MavenProject: org.springframework.samples:MidtermStarterProject:0.0.1-SNAPSHOT @ C:\Users\Drew\OneDrive\College\CODING\CISC181\Classwork Workspace\MidtermStarter\Midterm Coding Project\pom.xml.
2017-09-19 00:21:58,638 [Worker-6] INFO  o.e.m.c.i.embedder.EclipseLogger - Using 'UTF-8' encoding to copy filtered resources.
2017-09-19 00:21:58,639 [Worker-6] INFO  o.e.m.c.i.embedder.EclipseLogger - Copying 2 resources
2017-09-19 00:21:58,659 [Worker-6] INFO  o.e.m.c.i.embedder.EclipseLogger - Using 'UTF-8' encoding to copy filtered resources.
2017-09-19 00:21:58,659 [Worker-6] INFO  o.e.m.c.i.embedder.EclipseLogger - skip non existing resourceDirectory C:\Users\Drew\OneDrive\College\CODING\CISC181\Classwork Workspace\MidtermStarter\Midterm Coding Project\src\test\resources
2017-09-19 00:21:58,955 [Worker-6] INFO  o.e.m.c.i.l.LifecycleMappingFactory - Using org.eclipse.m2e.jdt.JarLifecycleMapping lifecycle mapping for MavenProject: org.springframework.samples:PS2:0.0.1-SNAPSHOT @ C:\Users\Drew\OneDrive\College\CODING\CISC181\Classwork Workspace\PS2Starter\PS2\pom.xml.
2017-09-19 00:21:59,265 [Worker-6] INFO  o.e.m.c.i.embedder.EclipseLogger - Using 'UTF-8' encoding to copy filtered resources.
2017-09-19 00:21:59,267 [Worker-6] INFO  o.e.m.c.i.embedder.EclipseLogger - Copying 1 resource
2017-09-19 00:21:59,283 [Worker-6] INFO  o.e.m.c.i.embedder.EclipseLogger - Using 'UTF-8' encoding to copy filtered resources.
2017-09-19 00:21:59,284 [Worker-6] INFO  o.e.m.c.i.embedder.EclipseLogger - skip non existing resourceDirectory C:\Users\Drew\OneDrive\College\CODING\CISC181\Classwork Workspace\PS2Starter\PS2\src\test\resources
2017-09-19 00:21:59,749 [Worker-6] INFO  o.e.m.c.i.l.LifecycleMappingFactory - Using org.eclipse.m2e.jdt.JarLifecycleMapping lifecycle mapping for MavenProject: org.springframework.samples:PS6:0.0.2-SNAPSHOT @ C:\Users\Drew\OneDrive\College\CODING\CISC181\Classwork Workspace\PS6Starter\PS6.DAL\pom.xml.
2017-09-19 00:22:00,075 [Worker-6] INFO  o.e.m.c.i.embedder.EclipseLogger - Using 'UTF-8' encoding to copy filtered resources.
2017-09-19 00:22:00,090 [Worker-6] INFO  o.e.m.c.i.embedder.EclipseLogger - Copying 3 resources
2017-09-19 00:22:00,112 [Worker-6] INFO  o.e.m.c.i.embedder.EclipseLogger - Using 'UTF-8' encoding to copy filtered resources.
2017-09-19 00:22:00,113 [Worker-6] INFO  o.e.m.c.i.embedder.EclipseLogger - skip non existing resourceDirectory C:\Users\Drew\OneDrive\College\CODING\CISC181\Classwork Workspace\PS6Starter\PS6.DAL\src\test\resources
2017-09-19 00:22:00,822 [Worker-6] INFO  o.e.m.c.i.l.LifecycleMappingFactory - Using org.eclipse.m2e.jdt.JarLifecycleMapping lifecycle mapping for MavenProject: org.springframework.samples:PS6_JavaFx:0.0.1-SNAPSHOT @ C:\Users\Drew\OneDrive\College\CODING\CISC181\Classwork Workspace\PS6Starter\PS6.JavaFx\pom.xml.
2017-09-19 00:22:01,131 [Worker-6] INFO  o.e.m.c.i.embedder.EclipseLogger - Using 'UTF-8' encoding to copy filtered resources.
2017-09-19 00:22:01,132 [Worker-6] INFO  o.e.m.c.i.embedder.EclipseLogger - Copying 1 resource
2017-09-19 00:22:01,150 [Worker-6] INFO  o.e.m.c.i.embedder.EclipseLogger - Using 'UTF-8' encoding to copy filtered resources.
2017-09-19 00:22:01,151 [Worker-6] INFO  o.e.m.c.i.embedder.EclipseLogger - skip non existing resourceDirectory C:\Users\Drew\OneDrive\College\CODING\CISC181\Classwork Workspace\PS6Starter\PS6.JavaFx\src\test\resources
2017-09-19 00:22:02,264 [Worker-6] INFO  o.e.m.c.i.l.LifecycleMappingFactory - Using org.eclipse.m2e.jdt.JarLifecycleMapping lifecycle mapping for MavenProject: 702211664:Quiz3:0.0.1-SNAPSHOT @ C:\Users\Drew\OneDrive\College\CODING\CISC181\Classwork Workspace\Quiz3\pom.xml.
2017-09-19 00:22:02,334 [Worker-6] WARN  o.e.m.c.i.embedder.EclipseLogger - Using platform encoding (Cp1252 actually) to copy filtered resources, i.e. build is platform dependent!
2017-09-19 00:22:02,353 [Worker-6] INFO  o.e.m.c.i.embedder.EclipseLogger - skip non existing resourceDirectory C:\Users\Drew\OneDrive\College\CODING\CISC181\Classwork Workspace\Quiz3\src\main\resources
2017-09-19 00:22:02,356 [Worker-6] WARN  o.e.m.c.i.embedder.EclipseLogger - Using platform encoding (Cp1252 actually) to copy filtered resources, i.e. build is platform dependent!
2017-09-19 00:22:02,382 [Worker-6] INFO  o.e.m.c.i.embedder.EclipseLogger - skip non existing resourceDirectory C:\Users\Drew\OneDrive\College\CODING\CISC181\Classwork Workspace\Quiz3\src\test\resources
2017-09-19 00:23:59,360 [Worker-5] INFO  o.e.m.c.i.l.LifecycleMappingFactory - Using org.eclipse.m2e.jdt.JarLifecycleMapping lifecycle mapping for MavenProject: 702211664:ProblemSet3:0.0.1-SNAPSHOT @ C:\Users\Drew\OneDrive\College\CODING\CISC181\Classwork Workspace\PS3Starter\PS3\pom.xml.
2017-09-19 00:23:59,451 [Worker-5] WARN  o.e.m.c.i.embedder.EclipseLogger - Using platform encoding (Cp1252 actually) to copy filtered resources, i.e. build is platform dependent!
2017-09-19 00:23:59,487 [Worker-5] INFO  o.e.m.c.i.embedder.EclipseLogger - skip non existing resourceDirectory C:\Users\Drew\OneDrive\College\CODING\CISC181\Classwork Workspace\PS3Starter\PS3\src\main\resources
2017-09-19 00:23:59,506 [Worker-5] WARN  o.e.m.c.i.embedder.EclipseLogger - Using platform encoding (Cp1252 actually) to copy filtered resources, i.e. build is platform dependent!
2017-09-19 00:23:59,527 [Worker-5] INFO  o.e.m.c.i.embedder.EclipseLogger - skip non existing resourceDirectory C:\Users\Drew\OneDrive\College\CODING\CISC181\Classwork Workspace\PS3Starter\PS3\src\test\resources
2017-09-21 14:38:45,926 [Worker-6] INFO  c.g.t.t.d.PublishedGradleVersions - Gradle version information cache is up-to-date. Trying to read.
2017-10-07 11:47:14,450 [Worker-5] INFO  c.g.t.t.d.PublishedGradleVersions - Gradle version information cache is up-to-date. Trying to read.
2017-10-07 11:51:38,732 [Worker-16] INFO  o.e.m.c.i.embedder.EclipseLogger - Using 'UTF-8' encoding to copy filtered resources.
2017-10-07 11:51:38,736 [Worker-16] INFO  o.e.m.c.i.embedder.EclipseLogger - Copying 2 resources
2017-10-07 11:51:38,753 [Worker-16] INFO  o.e.m.c.i.embedder.EclipseLogger - Using 'UTF-8' encoding to copy filtered resources.
2017-10-07 11:51:38,753 [Worker-16] INFO  o.e.m.c.i.embedder.EclipseLogger - Copying 1 resource
2017-10-07 11:51:39,509 [Worker-16] INFO  o.e.m.c.i.embedder.EclipseLogger - Using 'UTF-8' encoding to copy filtered resources.
2017-10-07 11:51:39,509 [Worker-16] INFO  o.e.m.c.i.embedder.EclipseLogger - skip non existing resourceDirectory C:\Users\Drew\OneDrive\College\CODING\CISC181\Classwork Workspace\Lab4Starter\Lab4\src\main\resources
2017-10-07 11:51:39,510 [Worker-16] INFO  o.e.m.c.i.embedder.EclipseLogger - Using 'UTF-8' encoding to copy filtered resources.
2017-10-07 11:51:39,510 [Worker-16] INFO  o.e.m.c.i.embedder.EclipseLogger - skip non existing resourceDirectory C:\Users\Drew\OneDrive\College\CODING\CISC181\Classwork Workspace\Lab4Starter\Lab4\src\test\resources
2017-10-07 11:51:40,197 [Worker-16] INFO  o.e.m.c.i.embedder.EclipseLogger - Using 'UTF-8' encoding to copy filtered resources.
2017-10-07 11:51:40,198 [Worker-16] INFO  o.e.m.c.i.embedder.EclipseLogger - Copying 1 resource
2017-10-07 11:51:40,205 [Worker-16] INFO  o.e.m.c.i.embedder.EclipseLogger - Using 'UTF-8' encoding to copy filtered resources.
2017-10-07 11:51:40,206 [Worker-16] INFO  o.e.m.c.i.embedder.EclipseLogger - Copying 1 resource
2017-10-07 11:51:40,536 [Worker-16] INFO  o.e.m.c.i.embedder.EclipseLogger - Using 'UTF-8' encoding to copy filtered resources.
2017-10-07 11:51:40,537 [Worker-16] INFO  o.e.m.c.i.embedder.EclipseLogger - Copying 1 resource
2017-10-07 11:51:40,544 [Worker-16] INFO  o.e.m.c.i.embedder.EclipseLogger - Using 'UTF-8' encoding to copy filtered resources.
2017-10-07 11:51:40,553 [Worker-16] INFO  o.e.m.c.i.embedder.EclipseLogger - skip non existing resourceDirectory C:\Users\Drew\OneDrive\College\CODING\CISC181\Classwork Workspace\Lab5Starter\RioJabber\src\test\resources
2017-10-07 11:51:40,990 [Worker-16] INFO  o.e.m.c.i.embedder.EclipseLogger - Using 'UTF-8' encoding to copy filtered resources.
2017-10-07 11:51:40,991 [Worker-16] INFO  o.e.m.c.i.embedder.EclipseLogger - Copying 66 resources
2017-10-07 11:51:41,229 [Worker-16] INFO  o.e.m.c.i.embedder.EclipseLogger - Using 'UTF-8' encoding to copy filtered resources.
2017-10-07 11:51:41,233 [Worker-16] INFO  o.e.m.c.i.embedder.EclipseLogger - skip non existing resourceDirectory C:\Users\Drew\OneDrive\College\CODING\CISC181\Classwork Workspace\Lab5Starter\RioClient\src\test\resources
2017-10-07 11:51:41,527 [Worker-16] INFO  o.e.m.c.i.embedder.EclipseLogger - Using 'UTF-8' encoding to copy filtered resources.
2017-10-07 11:51:41,528 [Worker-16] INFO  o.e.m.c.i.embedder.EclipseLogger - Copying 2 resources
2017-10-07 11:51:41,548 [Worker-16] INFO  o.e.m.c.i.embedder.EclipseLogger - Using 'UTF-8' encoding to copy filtered resources.
2017-10-07 11:51:41,552 [Worker-16] INFO  o.e.m.c.i.embedder.EclipseLogger - skip non existing resourceDirectory C:\Users\Drew\OneDrive\College\CODING\CISC181\Classwork Workspace\MidtermStarter\Midterm Coding Project\src\test\resources
2017-10-07 11:51:41,706 [Worker-16] INFO  o.e.m.c.i.embedder.EclipseLogger - Using 'UTF-8' encoding to copy filtered resources.
2017-10-07 11:51:41,707 [Worker-16] INFO  o.e.m.c.i.embedder.EclipseLogger - Copying 1 resource
2017-10-07 11:51:41,712 [Worker-16] INFO  o.e.m.c.i.embedder.EclipseLogger - Using 'UTF-8' encoding to copy filtered resources.
2017-10-07 11:51:41,718 [Worker-16] INFO  o.e.m.c.i.embedder.EclipseLogger - skip non existing resourceDirectory C:\Users\Drew\OneDrive\College\CODING\CISC181\Classwork Workspace\PS2Starter\PS2\src\test\resources
2017-10-07 11:51:41,874 [Worker-16] WARN  o.e.m.c.i.embedder.EclipseLogger - Using platform encoding (Cp1252 actually) to copy filtered resources, i.e. build is platform dependent!
2017-10-07 11:51:41,882 [Worker-16] INFO  o.e.m.c.i.embedder.EclipseLogger - skip non existing resourceDirectory C:\Users\Drew\OneDrive\College\CODING\CISC181\Classwork Workspace\PS3Starter\PS3\src\main\resources
2017-10-07 11:51:41,885 [Worker-16] WARN  o.e.m.c.i.embedder.EclipseLogger - Using platform encoding (Cp1252 actually) to copy filtered resources, i.e. build is platform dependent!
2017-10-07 11:51:41,895 [Worker-16] INFO  o.e.m.c.i.embedder.EclipseLogger - skip non existing resourceDirectory C:\Users\Drew\OneDrive\College\CODING\CISC181\Classwork Workspace\PS3Starter\PS3\src\test\resources
2017-10-07 11:51:42,340 [Worker-16] INFO  o.e.m.c.i.embedder.EclipseLogger - Using 'UTF-8' encoding to copy filtered resources.
2017-10-07 11:51:42,340 [Worker-16] INFO  o.e.m.c.i.embedder.EclipseLogger - Copying 3 resources
2017-10-07 11:51:42,362 [Worker-16] INFO  o.e.m.c.i.embedder.EclipseLogger - Using 'UTF-8' encoding to copy filtered resources.
2017-10-07 11:51:42,367 [Worker-16] INFO  o.e.m.c.i.embedder.EclipseLogger - skip non existing resourceDirectory C:\Users\Drew\OneDrive\College\CODING\CISC181\Classwork Workspace\PS6Starter\PS6.DAL\src\test\resources
2017-10-07 11:51:42,680 [Worker-16] INFO  o.e.m.c.i.embedder.EclipseLogger - Using 'UTF-8' encoding to copy filtered resources.
2017-10-07 11:51:42,680 [Worker-16] INFO  o.e.m.c.i.embedder.EclipseLogger - Copying 1 resource
2017-10-07 11:51:42,685 [Worker-16] INFO  o.e.m.c.i.embedder.EclipseLogger - Using 'UTF-8' encoding to copy filtered resources.
2017-10-07 11:51:42,691 [Worker-16] INFO  o.e.m.c.i.embedder.EclipseLogger - skip non existing resourceDirectory C:\Users\Drew\OneDrive\College\CODING\CISC181\Classwork Workspace\PS6Starter\PS6.JavaFx\src\test\resources
2017-10-07 11:51:42,835 [Worker-16] WARN  o.e.m.c.i.embedder.EclipseLogger - Using platform encoding (Cp1252 actually) to copy filtered resources, i.e. build is platform dependent!
2017-10-07 11:51:42,843 [Worker-16] INFO  o.e.m.c.i.embedder.EclipseLogger - skip non existing resourceDirectory C:\Users\Drew\OneDrive\College\CODING\CISC181\Classwork Workspace\Quiz3\src\main\resources
2017-10-07 11:51:42,844 [Worker-16] WARN  o.e.m.c.i.embedder.EclipseLogger - Using platform encoding (Cp1252 actually) to copy filtered resources, i.e. build is platform dependent!
2017-10-07 11:51:42,855 [Worker-16] INFO  o.e.m.c.i.embedder.EclipseLogger - skip non existing resourceDirectory C:\Users\Drew\OneDrive\College\CODING\CISC181\Classwork Workspace\Quiz3\src\test\resources
2017-10-07 11:58:19,467 [Worker-5] INFO  o.e.m.c.i.embedder.EclipseLogger - Using 'UTF-8' encoding to copy filtered resources.
2017-10-07 11:58:19,473 [Worker-5] INFO  o.e.m.c.i.embedder.EclipseLogger - Copying 1 resource
2017-10-07 11:58:19,474 [Worker-5] INFO  o.e.m.c.i.embedder.EclipseLogger - Using 'UTF-8' encoding to copy filtered resources.
2017-10-07 11:58:19,479 [Worker-5] INFO  o.e.m.c.i.embedder.EclipseLogger - Copying 1 resource
2017-10-07 11:58:23,700 [Worker-21] INFO  o.e.m.c.i.embedder.EclipseLogger - Using 'UTF-8' encoding to copy filtered resources.
2017-10-07 11:58:23,702 [Worker-21] INFO  o.e.m.c.i.embedder.EclipseLogger - Copying 66 resources
2017-10-07 11:58:23,712 [Worker-21] INFO  o.e.m.c.i.embedder.EclipseLogger - Using 'UTF-8' encoding to copy filtered resources.
2017-10-07 11:58:23,712 [Worker-21] INFO  o.e.m.c.i.embedder.EclipseLogger - skip non existing resourceDirectory C:\Users\Drew\OneDrive\College\CODING\CISC181\Classwork Workspace\Lab5Starter\RioClient\src\test\resources
2017-10-07 11:58:32,316 [Worker-35] INFO  o.e.m.c.i.embedder.EclipseLogger - Using 'UTF-8' encoding to copy filtered resources.
2017-10-07 11:58:32,317 [Worker-35] INFO  o.e.m.c.i.embedder.EclipseLogger - Copying 1 resource
2017-10-07 11:58:32,318 [Worker-35] INFO  o.e.m.c.i.embedder.EclipseLogger - Using 'UTF-8' encoding to copy filtered resources.
2017-10-07 11:58:32,322 [Worker-35] INFO  o.e.m.c.i.embedder.EclipseLogger - skip non existing resourceDirectory C:\Users\Drew\OneDrive\College\CODING\CISC181\Classwork Workspace\Lab5Starter\RioJabber\src\test\resources
2017-10-07 11:58:45,613 [Worker-25] WARN  o.e.m.c.i.embedder.EclipseLogger - Using platform encoding (Cp1252 actually) to copy filtered resources, i.e. build is platform dependent!
2017-10-07 11:58:45,633 [Worker-25] INFO  o.e.m.c.i.embedder.EclipseLogger - skip non existing resourceDirectory C:\Users\Drew\OneDrive\College\CODING\CISC181\Classwork Workspace\PS3Starter\PS3\src\main\resources
2017-10-07 11:58:45,640 [Worker-25] WARN  o.e.m.c.i.embedder.EclipseLogger - Using platform encoding (Cp1252 actually) to copy filtered resources, i.e. build is platform dependent!
2017-10-07 11:58:45,650 [Worker-25] INFO  o.e.m.c.i.embedder.EclipseLogger - skip non existing resourceDirectory C:\Users\Drew\OneDrive\College\CODING\CISC181\Classwork Workspace\PS3Starter\PS3\src\test\resources
