2017-08-29 23:18:49,681 [Worker-0] INFO  c.g.t.t.d.PublishedGradleVersions - Gradle version information cache is up-to-date. Trying to read.
2017-08-29 23:54:07,952 [Worker-4] INFO  c.g.t.t.d.PublishedGradleVersions - Gradle version information cache is up-to-date. Trying to read.
2017-08-29 23:55:57,488 [Worker-1] INFO  o.e.m.c.i.l.LifecycleMappingFactory - Using org.eclipse.m2e.jdt.JarLifecycleMapping lifecycle mapping for MavenProject: 702211664:Quiz3:0.0.1-SNAPSHOT @ C:\Users\Drew\OneDrive\College\CODING\CISC181\Quiz3\Quiz3-master\pom.xml.
2017-08-29 23:55:58,053 [Worker-1] INFO  o.e.m.c.i.l.LifecycleMappingFactory - Using org.eclipse.m2e.jdt.JarLifecycleMapping lifecycle mapping for MavenProject: 702211664:Quiz3:0.0.1-SNAPSHOT @ C:\Users\Drew\OneDrive\College\CODING\CISC181\Quiz3\Quiz3-master\pom.xml.
2017-08-29 23:56:17,253 [Worker-29] INFO  o.e.m.c.i.l.LifecycleMappingFactory - Using org.eclipse.m2e.jdt.JarLifecycleMapping lifecycle mapping for MavenProject: cis.cisc181.edu:Lab2Solution:0.0.1-SNAPSHOT @ C:\Users\Drew\OneDrive\College\CODING\CISC181\Lab3\Lab3-master\Lab2Solution\pom.xml.
2017-08-29 23:56:21,720 [Worker-29] INFO  o.e.m.c.i.embedder.EclipseLogger - Using 'UTF-8' encoding to copy filtered resources.
2017-08-29 23:56:21,731 [Worker-29] INFO  o.e.m.c.i.embedder.EclipseLogger - Copying 2 resources
2017-08-29 23:56:21,773 [Worker-29] INFO  o.e.m.c.i.embedder.EclipseLogger - Using 'UTF-8' encoding to copy filtered resources.
2017-08-29 23:56:21,774 [Worker-29] INFO  o.e.m.c.i.embedder.EclipseLogger - Copying 1 resource
2017-08-29 23:56:22,840 [Worker-29] INFO  o.e.m.c.i.l.LifecycleMappingFactory - Using org.eclipse.m2e.jdt.JarLifecycleMapping lifecycle mapping for MavenProject: cis.udel.edu:RioJavaFX:0.0.1-SNAPSHOT @ C:\Users\Drew\OneDrive\College\CODING\CISC181\Lab4\Lab4-master\Lab4\pom.xml.
2017-08-29 23:56:25,173 [Worker-29] INFO  o.e.m.c.i.embedder.EclipseLogger - Using 'UTF-8' encoding to copy filtered resources.
2017-08-29 23:56:25,174 [Worker-29] INFO  o.e.m.c.i.embedder.EclipseLogger - skip non existing resourceDirectory C:\Users\Drew\OneDrive\College\CODING\CISC181\Lab4\Lab4-master\Lab4\src\main\resources
2017-08-29 23:56:25,179 [Worker-29] INFO  o.e.m.c.i.embedder.EclipseLogger - Using 'UTF-8' encoding to copy filtered resources.
2017-08-29 23:56:25,179 [Worker-29] INFO  o.e.m.c.i.embedder.EclipseLogger - skip non existing resourceDirectory C:\Users\Drew\OneDrive\College\CODING\CISC181\Lab4\Lab4-master\Lab4\src\test\resources
2017-08-29 23:56:26,475 [Worker-29] INFO  o.e.m.c.i.l.LifecycleMappingFactory - Using org.eclipse.m2e.jdt.JarLifecycleMapping lifecycle mapping for MavenProject: org.springframework.samples:MidtermStarterProject:0.0.1-SNAPSHOT @ C:\Users\Drew\OneDrive\College\CODING\CISC181\Midterm\Midterm-master\Midterm Coding Project\pom.xml.
2017-08-29 23:56:27,015 [Worker-29] INFO  o.e.m.c.i.embedder.EclipseLogger - Using 'UTF-8' encoding to copy filtered resources.
2017-08-29 23:56:27,016 [Worker-29] INFO  o.e.m.c.i.embedder.EclipseLogger - Copying 2 resources
2017-08-29 23:56:27,048 [Worker-29] INFO  o.e.m.c.i.embedder.EclipseLogger - Using 'UTF-8' encoding to copy filtered resources.
2017-08-29 23:56:27,048 [Worker-29] INFO  o.e.m.c.i.embedder.EclipseLogger - skip non existing resourceDirectory C:\Users\Drew\OneDrive\College\CODING\CISC181\Midterm\Midterm-master\Midterm Coding Project\src\test\resources
2017-08-29 23:56:27,314 [Worker-29] INFO  o.e.m.c.i.l.LifecycleMappingFactory - Using org.eclipse.m2e.jdt.JarLifecycleMapping lifecycle mapping for MavenProject: org.springframework.samples:PS2:0.0.1-SNAPSHOT @ C:\Users\Drew\OneDrive\College\CODING\CISC181\ProblemSet2\ProblemSet2-master\PS2\pom.xml.
2017-08-29 23:56:27,620 [Worker-29] INFO  o.e.m.c.i.embedder.EclipseLogger - Using 'UTF-8' encoding to copy filtered resources.
2017-08-29 23:56:27,627 [Worker-29] INFO  o.e.m.c.i.embedder.EclipseLogger - Copying 1 resource
2017-08-29 23:56:27,635 [Worker-29] INFO  o.e.m.c.i.embedder.EclipseLogger - Using 'UTF-8' encoding to copy filtered resources.
2017-08-29 23:56:27,636 [Worker-29] INFO  o.e.m.c.i.embedder.EclipseLogger - skip non existing resourceDirectory C:\Users\Drew\OneDrive\College\CODING\CISC181\ProblemSet2\ProblemSet2-master\PS2\src\test\resources
2017-08-29 23:56:27,975 [Worker-29] INFO  o.e.m.c.i.l.LifecycleMappingFactory - Using org.eclipse.m2e.jdt.JarLifecycleMapping lifecycle mapping for MavenProject: org.springframework.samples:PS6:0.0.2-SNAPSHOT @ C:\Users\Drew\OneDrive\College\CODING\CISC181\ProblemSet6\ProblemSet6-master\PS6_DAL\pom.xml.
2017-08-29 23:56:28,367 [Worker-29] INFO  o.e.m.c.i.embedder.EclipseLogger - Using 'UTF-8' encoding to copy filtered resources.
2017-08-29 23:56:28,368 [Worker-29] INFO  o.e.m.c.i.embedder.EclipseLogger - Copying 3 resources
2017-08-29 23:56:28,400 [Worker-29] INFO  o.e.m.c.i.embedder.EclipseLogger - Using 'UTF-8' encoding to copy filtered resources.
2017-08-29 23:56:28,400 [Worker-29] INFO  o.e.m.c.i.embedder.EclipseLogger - skip non existing resourceDirectory C:\Users\Drew\OneDrive\College\CODING\CISC181\ProblemSet6\ProblemSet6-master\PS6_DAL\src\test\resources
2017-08-29 23:56:29,013 [Worker-29] INFO  o.e.m.c.i.l.LifecycleMappingFactory - Using org.eclipse.m2e.jdt.JarLifecycleMapping lifecycle mapping for MavenProject: org.springframework.samples:PS6_JavaFx:0.0.1-SNAPSHOT @ C:\Users\Drew\OneDrive\College\CODING\CISC181\ProblemSet6\ProblemSet6-master\PS6_JavaFx\pom.xml.
2017-08-29 23:56:29,431 [Worker-29] INFO  o.e.m.c.i.embedder.EclipseLogger - Using 'UTF-8' encoding to copy filtered resources.
2017-08-29 23:56:29,432 [Worker-29] INFO  o.e.m.c.i.embedder.EclipseLogger - Copying 1 resource
2017-08-29 23:56:29,459 [Worker-29] INFO  o.e.m.c.i.embedder.EclipseLogger - Using 'UTF-8' encoding to copy filtered resources.
2017-08-29 23:56:29,474 [Worker-29] INFO  o.e.m.c.i.embedder.EclipseLogger - skip non existing resourceDirectory C:\Users\Drew\OneDrive\College\CODING\CISC181\ProblemSet6\ProblemSet6-master\PS6_JavaFx\src\test\resources
2017-08-29 23:56:30,205 [Worker-29] INFO  o.e.m.c.i.l.LifecycleMappingFactory - Using org.eclipse.m2e.jdt.JarLifecycleMapping lifecycle mapping for MavenProject: 702211664:ProblemSet2:0.0.1-SNAPSHOT @ C:\Users\Drew\OneDrive\College\CODING\CISC181\ProblemSet2\ProblemSet2-master\pom.xml.
2017-08-29 23:56:30,424 [Worker-29] WARN  o.e.m.c.i.embedder.EclipseLogger - Using platform encoding (Cp1252 actually) to copy filtered resources, i.e. build is platform dependent!
2017-08-29 23:56:30,441 [Worker-29] INFO  o.e.m.c.i.embedder.EclipseLogger - skip non existing resourceDirectory C:\Users\Drew\OneDrive\College\CODING\CISC181\ProblemSet2\ProblemSet2-master\src\main\resources
2017-08-29 23:56:30,453 [Worker-29] WARN  o.e.m.c.i.embedder.EclipseLogger - Using platform encoding (Cp1252 actually) to copy filtered resources, i.e. build is platform dependent!
2017-08-29 23:56:30,467 [Worker-29] INFO  o.e.m.c.i.embedder.EclipseLogger - skip non existing resourceDirectory C:\Users\Drew\OneDrive\College\CODING\CISC181\ProblemSet2\ProblemSet2-master\src\test\resources
2017-08-29 23:56:30,867 [Worker-29] INFO  o.e.m.c.i.l.LifecycleMappingFactory - Using org.eclipse.m2e.jdt.JarLifecycleMapping lifecycle mapping for MavenProject: 702211664:ProblemSet3:0.0.1-SNAPSHOT @ C:\Users\Drew\OneDrive\College\CODING\CISC181\ProblemSet3\ProblemSet3-master\pom.xml.
2017-08-29 23:56:31,083 [Worker-29] WARN  o.e.m.c.i.embedder.EclipseLogger - Using platform encoding (Cp1252 actually) to copy filtered resources, i.e. build is platform dependent!
2017-08-29 23:56:31,115 [Worker-29] INFO  o.e.m.c.i.embedder.EclipseLogger - skip non existing resourceDirectory C:\Users\Drew\OneDrive\College\CODING\CISC181\ProblemSet3\ProblemSet3-master\src\main\resources
2017-08-29 23:56:31,122 [Worker-29] WARN  o.e.m.c.i.embedder.EclipseLogger - Using platform encoding (Cp1252 actually) to copy filtered resources, i.e. build is platform dependent!
2017-08-29 23:56:31,140 [Worker-29] INFO  o.e.m.c.i.embedder.EclipseLogger - skip non existing resourceDirectory C:\Users\Drew\OneDrive\College\CODING\CISC181\ProblemSet3\ProblemSet3-master\src\test\resources
2017-08-29 23:56:32,166 [Worker-29] WARN  o.e.m.c.i.embedder.EclipseLogger - Using platform encoding (Cp1252 actually) to copy filtered resources, i.e. build is platform dependent!
2017-08-29 23:56:32,193 [Worker-29] INFO  o.e.m.c.i.embedder.EclipseLogger - skip non existing resourceDirectory C:\Users\Drew\OneDrive\College\CODING\CISC181\Quiz3\Quiz3-master\src\main\resources
2017-08-29 23:56:32,208 [Worker-29] WARN  o.e.m.c.i.embedder.EclipseLogger - Using platform encoding (Cp1252 actually) to copy filtered resources, i.e. build is platform dependent!
2017-08-29 23:56:32,239 [Worker-29] INFO  o.e.m.c.i.embedder.EclipseLogger - skip non existing resourceDirectory C:\Users\Drew\OneDrive\College\CODING\CISC181\Quiz3\Quiz3-master\src\test\resources
2017-08-29 23:56:35,222 [Worker-29] INFO  o.e.m.c.i.l.LifecycleMappingFactory - Using org.eclipse.m2e.jdt.JarLifecycleMapping lifecycle mapping for MavenProject: edu.ud.cis.cisc181:RioBLL:0.0.1-SNAPSHOT @ C:\Users\Drew\OneDrive\College\CODING\CISC181\Lab5\Lab5-master\RioBLL\pom.xml.
2017-08-29 23:56:36,002 [Worker-29] INFO  o.e.m.c.i.embedder.EclipseLogger - Using 'UTF-8' encoding to copy filtered resources.
2017-08-29 23:56:36,013 [Worker-29] INFO  o.e.m.c.i.embedder.EclipseLogger - Copying 1 resource
2017-08-29 23:56:36,047 [Worker-29] INFO  o.e.m.c.i.embedder.EclipseLogger - Using 'UTF-8' encoding to copy filtered resources.
2017-08-29 23:56:36,048 [Worker-29] INFO  o.e.m.c.i.embedder.EclipseLogger - Copying 1 resource
2017-08-29 23:56:36,991 [Worker-29] INFO  o.e.m.c.i.l.LifecycleMappingFactory - Using org.eclipse.m2e.jdt.JarLifecycleMapping lifecycle mapping for MavenProject: edu.ud.cis.cisc181:RioClient:0.0.1-SNAPSHOT @ C:\Users\Drew\OneDrive\College\CODING\CISC181\Lab5\Lab5-master\RioClient\pom.xml.
2017-08-29 23:56:38,048 [Worker-29] INFO  o.e.m.c.i.embedder.EclipseLogger - Using 'UTF-8' encoding to copy filtered resources.
2017-08-29 23:56:38,053 [Worker-29] INFO  o.e.m.c.i.embedder.EclipseLogger - Copying 66 resources
2017-08-29 23:56:38,706 [Worker-29] INFO  o.e.m.c.i.embedder.EclipseLogger - Using 'UTF-8' encoding to copy filtered resources.
2017-08-29 23:56:38,719 [Worker-29] INFO  o.e.m.c.i.embedder.EclipseLogger - skip non existing resourceDirectory C:\Users\Drew\OneDrive\College\CODING\CISC181\Lab5\Lab5-master\RioClient\src\test\resources
2017-08-29 23:56:39,569 [Worker-29] INFO  o.e.m.c.i.l.LifecycleMappingFactory - Using org.eclipse.m2e.jdt.JarLifecycleMapping lifecycle mapping for MavenProject: edu.ud.cis.cisc181:RioJabber:0.0.1-SNAPSHOT @ C:\Users\Drew\OneDrive\College\CODING\CISC181\Lab5\Lab5-master\RioJabber\pom.xml.
2017-08-29 23:56:39,993 [Worker-29] INFO  o.e.m.c.i.l.LifecycleMappingFactory - Using org.eclipse.m2e.jdt.JarLifecycleMapping lifecycle mapping for MavenProject: edu.ud.cis.cisc181:RioClient:0.0.1-SNAPSHOT @ C:\Users\Drew\OneDrive\College\CODING\CISC181\Lab5\Lab5-master\RioClient\pom.xml.
2017-08-29 23:56:41,418 [Worker-29] INFO  o.e.m.c.i.embedder.EclipseLogger - Using 'UTF-8' encoding to copy filtered resources.
2017-08-29 23:56:41,419 [Worker-29] INFO  o.e.m.c.i.embedder.EclipseLogger - Copying 1 resource
2017-08-29 23:56:41,443 [Worker-29] INFO  o.e.m.c.i.embedder.EclipseLogger - Using 'UTF-8' encoding to copy filtered resources.
2017-08-29 23:56:41,444 [Worker-29] INFO  o.e.m.c.i.embedder.EclipseLogger - skip non existing resourceDirectory C:\Users\Drew\OneDrive\College\CODING\CISC181\Lab5\Lab5-master\RioJabber\src\test\resources
2017-08-29 23:56:43,207 [Worker-3] INFO  o.e.m.c.i.embedder.EclipseLogger - Using 'UTF-8' encoding to copy filtered resources.
2017-08-29 23:56:43,219 [Worker-3] INFO  o.e.m.c.i.embedder.EclipseLogger - Copying 2 resources
2017-08-29 23:56:43,265 [Worker-3] INFO  o.e.m.c.i.embedder.EclipseLogger - Using 'UTF-8' encoding to copy filtered resources.
2017-08-29 23:56:43,282 [Worker-3] INFO  o.e.m.c.i.embedder.EclipseLogger - Copying 1 resource
2017-08-29 23:56:43,700 [Worker-3] INFO  o.e.m.c.i.embedder.EclipseLogger - Using 'UTF-8' encoding to copy filtered resources.
2017-08-29 23:56:43,711 [Worker-3] INFO  o.e.m.c.i.embedder.EclipseLogger - skip non existing resourceDirectory C:\Users\Drew\OneDrive\College\CODING\CISC181\Lab4\Lab4-master\Lab4\src\main\resources
2017-08-29 23:56:43,714 [Worker-3] INFO  o.e.m.c.i.embedder.EclipseLogger - Using 'UTF-8' encoding to copy filtered resources.
2017-08-29 23:56:43,715 [Worker-3] INFO  o.e.m.c.i.embedder.EclipseLogger - skip non existing resourceDirectory C:\Users\Drew\OneDrive\College\CODING\CISC181\Lab4\Lab4-master\Lab4\src\test\resources
2017-08-29 23:56:44,326 [Worker-3] INFO  o.e.m.c.i.embedder.EclipseLogger - Using 'UTF-8' encoding to copy filtered resources.
2017-08-29 23:56:44,336 [Worker-3] INFO  o.e.m.c.i.embedder.EclipseLogger - Copying 2 resources
2017-08-29 23:56:44,354 [Worker-3] INFO  o.e.m.c.i.embedder.EclipseLogger - Using 'UTF-8' encoding to copy filtered resources.
2017-08-29 23:56:44,355 [Worker-3] INFO  o.e.m.c.i.embedder.EclipseLogger - skip non existing resourceDirectory C:\Users\Drew\OneDrive\College\CODING\CISC181\Midterm\Midterm-master\Midterm Coding Project\src\test\resources
2017-08-29 23:56:44,562 [Worker-3] INFO  o.e.m.c.i.embedder.EclipseLogger - Using 'UTF-8' encoding to copy filtered resources.
2017-08-29 23:56:44,571 [Worker-3] INFO  o.e.m.c.i.embedder.EclipseLogger - Copying 1 resource
2017-08-29 23:56:44,580 [Worker-3] INFO  o.e.m.c.i.embedder.EclipseLogger - Using 'UTF-8' encoding to copy filtered resources.
2017-08-29 23:56:44,580 [Worker-3] INFO  o.e.m.c.i.embedder.EclipseLogger - skip non existing resourceDirectory C:\Users\Drew\OneDrive\College\CODING\CISC181\ProblemSet2\ProblemSet2-master\PS2\src\test\resources
2017-08-29 23:56:44,905 [Worker-3] INFO  o.e.m.c.i.embedder.EclipseLogger - Using 'UTF-8' encoding to copy filtered resources.
2017-08-29 23:56:44,914 [Worker-3] INFO  o.e.m.c.i.embedder.EclipseLogger - Copying 3 resources
2017-08-29 23:56:44,937 [Worker-3] INFO  o.e.m.c.i.embedder.EclipseLogger - Using 'UTF-8' encoding to copy filtered resources.
2017-08-29 23:56:44,937 [Worker-3] INFO  o.e.m.c.i.embedder.EclipseLogger - skip non existing resourceDirectory C:\Users\Drew\OneDrive\College\CODING\CISC181\ProblemSet6\ProblemSet6-master\PS6_DAL\src\test\resources
2017-08-29 23:56:45,452 [Worker-3] INFO  o.e.m.c.i.embedder.EclipseLogger - Using 'UTF-8' encoding to copy filtered resources.
2017-08-29 23:56:45,462 [Worker-3] INFO  o.e.m.c.i.embedder.EclipseLogger - Copying 1 resource
2017-08-29 23:56:45,475 [Worker-3] INFO  o.e.m.c.i.embedder.EclipseLogger - Using 'UTF-8' encoding to copy filtered resources.
2017-08-29 23:56:45,475 [Worker-3] INFO  o.e.m.c.i.embedder.EclipseLogger - skip non existing resourceDirectory C:\Users\Drew\OneDrive\College\CODING\CISC181\ProblemSet6\ProblemSet6-master\PS6_JavaFx\src\test\resources
2017-08-29 23:56:45,491 [Worker-3] WARN  o.e.m.c.i.embedder.EclipseLogger - Using platform encoding (Cp1252 actually) to copy filtered resources, i.e. build is platform dependent!
2017-08-29 23:56:45,510 [Worker-3] INFO  o.e.m.c.i.embedder.EclipseLogger - skip non existing resourceDirectory C:\Users\Drew\OneDrive\College\CODING\CISC181\ProblemSet2\ProblemSet2-master\src\main\resources
2017-08-29 23:56:45,512 [Worker-3] WARN  o.e.m.c.i.embedder.EclipseLogger - Using platform encoding (Cp1252 actually) to copy filtered resources, i.e. build is platform dependent!
2017-08-29 23:56:45,525 [Worker-3] INFO  o.e.m.c.i.embedder.EclipseLogger - skip non existing resourceDirectory C:\Users\Drew\OneDrive\College\CODING\CISC181\ProblemSet2\ProblemSet2-master\src\test\resources
2017-08-29 23:56:46,156 [Worker-3] INFO  o.e.m.c.i.embedder.EclipseLogger - Using 'UTF-8' encoding to copy filtered resources.
2017-08-29 23:56:46,157 [Worker-3] INFO  o.e.m.c.i.embedder.EclipseLogger - Copying 1 resource
2017-08-29 23:56:46,163 [Worker-3] INFO  o.e.m.c.i.embedder.EclipseLogger - Using 'UTF-8' encoding to copy filtered resources.
2017-08-29 23:56:46,165 [Worker-3] INFO  o.e.m.c.i.embedder.EclipseLogger - Copying 1 resource
2017-08-29 23:56:46,444 [Worker-3] INFO  o.e.m.c.i.embedder.EclipseLogger - Using 'UTF-8' encoding to copy filtered resources.
2017-08-29 23:56:46,451 [Worker-3] INFO  o.e.m.c.i.embedder.EclipseLogger - Copying 1 resource
2017-08-29 23:56:46,458 [Worker-3] INFO  o.e.m.c.i.embedder.EclipseLogger - Using 'UTF-8' encoding to copy filtered resources.
2017-08-29 23:56:46,466 [Worker-3] INFO  o.e.m.c.i.embedder.EclipseLogger - skip non existing resourceDirectory C:\Users\Drew\OneDrive\College\CODING\CISC181\Lab5\Lab5-master\RioJabber\src\test\resources
2017-08-29 23:56:48,452 [Worker-3] INFO  o.e.m.c.i.embedder.EclipseLogger - Using 'UTF-8' encoding to copy filtered resources.
2017-08-29 23:56:48,470 [Worker-3] INFO  o.e.m.c.i.embedder.EclipseLogger - Copying 66 resources
2017-08-29 23:56:48,795 [Worker-3] INFO  o.e.m.c.i.embedder.EclipseLogger - Using 'UTF-8' encoding to copy filtered resources.
2017-08-29 23:56:48,805 [Worker-3] INFO  o.e.m.c.i.embedder.EclipseLogger - skip non existing resourceDirectory C:\Users\Drew\OneDrive\College\CODING\CISC181\Lab5\Lab5-master\RioClient\src\test\resources
2017-08-29 23:56:49,187 [Worker-3] INFO  o.e.m.c.i.l.LifecycleMappingFactory - Using org.eclipse.m2e.jdt.JarLifecycleMapping lifecycle mapping for MavenProject: edu.ud.cis.cisc181:RocketBLL:0.0.1-SNAPSHOT @ C:\Users\Drew\OneDrive\College\CODING\CISC181\Final-Project\Final-Project-master\RocketBLL\pom.xml.
2017-08-29 23:56:49,200 [Worker-3] WARN  o.e.m.c.i.embedder.EclipseLogger - The POM for edu.ud.cis.cisc181:RocketDAL:jar:0.0.1-SNAPSHOT is missing, no dependency information available
2017-08-29 23:56:49,583 [Worker-3] INFO  o.e.m.c.i.embedder.EclipseLogger - Using 'UTF-8' encoding to copy filtered resources.
2017-08-29 23:56:49,592 [Worker-3] INFO  o.e.m.c.i.embedder.EclipseLogger - Copying 1 resource
2017-08-29 23:56:49,601 [Worker-3] INFO  o.e.m.c.i.embedder.EclipseLogger - Using 'UTF-8' encoding to copy filtered resources.
2017-08-29 23:56:49,608 [Worker-3] INFO  o.e.m.c.i.embedder.EclipseLogger - skip non existing resourceDirectory C:\Users\Drew\OneDrive\College\CODING\CISC181\Final-Project\Final-Project-master\RocketBLL\src\test\resources
2017-08-29 23:56:49,852 [Worker-3] INFO  o.e.m.c.i.l.LifecycleMappingFactory - Using org.eclipse.m2e.jdt.JarLifecycleMapping lifecycle mapping for MavenProject: edu.ud.cis.cisc181:RocketClient:0.0.1-SNAPSHOT @ C:\Users\Drew\OneDrive\College\CODING\CISC181\Final-Project\Final-Project-master\RocketClient\pom.xml.
2017-08-29 23:56:49,887 [Worker-3] WARN  o.e.m.c.i.embedder.EclipseLogger - The POM for edu.ud.cis.cisc181:RocketJabber:jar:0.0.1-SNAPSHOT is missing, no dependency information available
2017-08-29 23:56:49,897 [Worker-3] WARN  o.e.m.c.i.embedder.EclipseLogger - The POM for edu.ud.cis.cisc181:RocketServer:jar:0.0.1-SNAPSHOT is missing, no dependency information available
2017-08-29 23:56:50,322 [Worker-3] INFO  o.e.m.c.i.embedder.EclipseLogger - Using 'UTF-8' encoding to copy filtered resources.
2017-08-29 23:56:50,322 [Worker-3] INFO  o.e.m.c.i.embedder.EclipseLogger - Copying 1 resource
2017-08-29 23:56:50,330 [Worker-3] INFO  o.e.m.c.i.embedder.EclipseLogger - Using 'UTF-8' encoding to copy filtered resources.
2017-08-29 23:56:50,330 [Worker-3] INFO  o.e.m.c.i.embedder.EclipseLogger - skip non existing resourceDirectory C:\Users\Drew\OneDrive\College\CODING\CISC181\Final-Project\Final-Project-master\RocketClient\src\test\resources
2017-08-29 23:56:50,549 [Worker-3] INFO  o.e.m.c.i.l.LifecycleMappingFactory - Using org.eclipse.m2e.jdt.JarLifecycleMapping lifecycle mapping for MavenProject: edu.ud.cis.cisc181:RocketDAL:0.0.1-SNAPSHOT @ C:\Users\Drew\OneDrive\College\CODING\CISC181\Final-Project\Final-Project-master\RocketDAL\pom.xml.
2017-08-29 23:56:50,810 [Worker-3] INFO  o.e.m.c.i.l.LifecycleMappingFactory - Using org.eclipse.m2e.jdt.JarLifecycleMapping lifecycle mapping for MavenProject: edu.ud.cis.cisc181:RocketBLL:0.0.1-SNAPSHOT @ C:\Users\Drew\OneDrive\College\CODING\CISC181\Final-Project\Final-Project-master\RocketBLL\pom.xml.
2017-08-29 23:56:51,210 [Worker-3] INFO  o.e.m.c.i.embedder.EclipseLogger - Using 'UTF-8' encoding to copy filtered resources.
2017-08-29 23:56:51,211 [Worker-3] INFO  o.e.m.c.i.embedder.EclipseLogger - Copying 2 resources
2017-08-29 23:56:51,261 [Worker-3] INFO  o.e.m.c.i.embedder.EclipseLogger - Using 'UTF-8' encoding to copy filtered resources.
2017-08-29 23:56:51,271 [Worker-3] INFO  o.e.m.c.i.embedder.EclipseLogger - skip non existing resourceDirectory C:\Users\Drew\OneDrive\College\CODING\CISC181\Final-Project\Final-Project-master\RocketDAL\src\test\resources
2017-08-29 23:56:52,337 [Worker-16] INFO  o.e.m.c.i.embedder.EclipseLogger - Using 'UTF-8' encoding to copy filtered resources.
2017-08-29 23:56:52,339 [Worker-16] INFO  o.e.m.c.i.embedder.EclipseLogger - Copying 2 resources
2017-08-29 23:56:52,373 [Worker-16] INFO  o.e.m.c.i.embedder.EclipseLogger - Using 'UTF-8' encoding to copy filtered resources.
2017-08-29 23:56:52,388 [Worker-16] INFO  o.e.m.c.i.embedder.EclipseLogger - skip non existing resourceDirectory C:\Users\Drew\OneDrive\College\CODING\CISC181\Final-Project\Final-Project-master\RocketDAL\src\test\resources
2017-08-29 23:56:52,861 [Worker-16] INFO  o.e.m.c.i.embedder.EclipseLogger - Using 'UTF-8' encoding to copy filtered resources.
2017-08-29 23:56:52,863 [Worker-16] INFO  o.e.m.c.i.embedder.EclipseLogger - Copying 1 resource
2017-08-29 23:56:52,891 [Worker-16] INFO  o.e.m.c.i.embedder.EclipseLogger - Using 'UTF-8' encoding to copy filtered resources.
2017-08-29 23:56:52,892 [Worker-16] INFO  o.e.m.c.i.embedder.EclipseLogger - skip non existing resourceDirectory C:\Users\Drew\OneDrive\College\CODING\CISC181\Final-Project\Final-Project-master\RocketBLL\src\test\resources
2017-08-29 23:56:53,125 [Worker-16] INFO  o.e.m.c.i.l.LifecycleMappingFactory - Using org.eclipse.m2e.jdt.JarLifecycleMapping lifecycle mapping for MavenProject: edu.ud.cis.cisc181:RocketJabber:0.0.1-SNAPSHOT @ C:\Users\Drew\OneDrive\College\CODING\CISC181\Final-Project\Final-Project-master\RocketJabber\pom.xml.
2017-08-29 23:56:53,557 [Worker-16] INFO  o.e.m.c.i.l.LifecycleMappingFactory - Using org.eclipse.m2e.jdt.JarLifecycleMapping lifecycle mapping for MavenProject: edu.ud.cis.cisc181:RocketClient:0.0.1-SNAPSHOT @ C:\Users\Drew\OneDrive\College\CODING\CISC181\Final-Project\Final-Project-master\RocketClient\pom.xml.
2017-08-29 23:56:53,579 [Worker-16] WARN  o.e.m.c.i.embedder.EclipseLogger - The POM for edu.ud.cis.cisc181:RocketServer:jar:0.0.1-SNAPSHOT is missing, no dependency information available
2017-08-29 23:56:54,140 [Worker-16] INFO  o.e.m.c.i.embedder.EclipseLogger - Using 'UTF-8' encoding to copy filtered resources.
2017-08-29 23:56:54,142 [Worker-16] INFO  o.e.m.c.i.embedder.EclipseLogger - Copying 1 resource
2017-08-29 23:56:54,156 [Worker-16] INFO  o.e.m.c.i.embedder.EclipseLogger - Using 'UTF-8' encoding to copy filtered resources.
2017-08-29 23:56:54,171 [Worker-16] INFO  o.e.m.c.i.embedder.EclipseLogger - skip non existing resourceDirectory C:\Users\Drew\OneDrive\College\CODING\CISC181\Final-Project\Final-Project-master\RocketJabber\src\test\resources
2017-08-29 23:56:54,454 [Worker-16] INFO  o.e.m.c.i.l.LifecycleMappingFactory - Using org.eclipse.m2e.jdt.JarLifecycleMapping lifecycle mapping for MavenProject: edu.ud.cis.cisc181:RocketServer:0.0.1-SNAPSHOT @ C:\Users\Drew\OneDrive\College\CODING\CISC181\Final-Project\Final-Project-master\RocketServer\pom.xml.
2017-08-29 23:56:54,802 [Worker-16] INFO  o.e.m.c.i.l.LifecycleMappingFactory - Using org.eclipse.m2e.jdt.JarLifecycleMapping lifecycle mapping for MavenProject: edu.ud.cis.cisc181:RocketClient:0.0.1-SNAPSHOT @ C:\Users\Drew\OneDrive\College\CODING\CISC181\Final-Project\Final-Project-master\RocketClient\pom.xml.
2017-08-29 23:56:55,484 [Worker-16] INFO  o.e.m.c.i.embedder.EclipseLogger - Using 'UTF-8' encoding to copy filtered resources.
2017-08-29 23:56:55,498 [Worker-16] INFO  o.e.m.c.i.embedder.EclipseLogger - Copying 1 resource
2017-08-29 23:56:55,523 [Worker-16] INFO  o.e.m.c.i.embedder.EclipseLogger - Using 'UTF-8' encoding to copy filtered resources.
2017-08-29 23:56:55,535 [Worker-16] INFO  o.e.m.c.i.embedder.EclipseLogger - skip non existing resourceDirectory C:\Users\Drew\OneDrive\College\CODING\CISC181\Final-Project\Final-Project-master\RocketServer\src\test\resources
2017-08-29 23:56:57,191 [Worker-22] INFO  o.e.m.c.i.embedder.EclipseLogger - Using 'UTF-8' encoding to copy filtered resources.
2017-08-29 23:56:57,193 [Worker-22] INFO  o.e.m.c.i.embedder.EclipseLogger - Copying 1 resource
2017-08-29 23:56:57,220 [Worker-22] INFO  o.e.m.c.i.embedder.EclipseLogger - Using 'UTF-8' encoding to copy filtered resources.
2017-08-29 23:56:57,221 [Worker-22] INFO  o.e.m.c.i.embedder.EclipseLogger - skip non existing resourceDirectory C:\Users\Drew\OneDrive\College\CODING\CISC181\Final-Project\Final-Project-master\RocketJabber\src\test\resources
2017-08-29 23:56:57,550 [Worker-22] INFO  o.e.m.c.i.embedder.EclipseLogger - Using 'UTF-8' encoding to copy filtered resources.
2017-08-29 23:56:57,552 [Worker-22] INFO  o.e.m.c.i.embedder.EclipseLogger - Copying 1 resource
2017-08-29 23:56:57,564 [Worker-22] INFO  o.e.m.c.i.embedder.EclipseLogger - Using 'UTF-8' encoding to copy filtered resources.
2017-08-29 23:56:57,565 [Worker-22] INFO  o.e.m.c.i.embedder.EclipseLogger - skip non existing resourceDirectory C:\Users\Drew\OneDrive\College\CODING\CISC181\Final-Project\Final-Project-master\RocketServer\src\test\resources
2017-08-29 23:56:58,342 [Worker-22] INFO  o.e.m.c.i.embedder.EclipseLogger - Using 'UTF-8' encoding to copy filtered resources.
2017-08-29 23:56:58,345 [Worker-22] INFO  o.e.m.c.i.embedder.EclipseLogger - Copying 1 resource
2017-08-29 23:56:58,357 [Worker-22] INFO  o.e.m.c.i.embedder.EclipseLogger - Using 'UTF-8' encoding to copy filtered resources.
2017-08-29 23:56:58,358 [Worker-22] INFO  o.e.m.c.i.embedder.EclipseLogger - skip non existing resourceDirectory C:\Users\Drew\OneDrive\College\CODING\CISC181\Final-Project\Final-Project-master\RocketClient\src\test\resources
2017-08-30 00:00:56,021 [Worker-33] INFO  o.e.m.c.i.embedder.EclipseLogger - Using 'UTF-8' encoding to copy filtered resources.
2017-08-30 00:00:56,022 [Worker-33] INFO  o.e.m.c.i.embedder.EclipseLogger - Copying 0 resource
2017-08-30 00:00:56,036 [Worker-33] INFO  o.e.m.c.i.embedder.EclipseLogger - Using 'UTF-8' encoding to copy filtered resources.
2017-08-30 00:00:56,036 [Worker-33] INFO  o.e.m.c.i.embedder.EclipseLogger - skip non existing resourceDirectory C:\Users\Drew\OneDrive\College\CODING\CISC181\ProblemSet2\ProblemSet2-master\src\test\resources
